2022-10-08 03:03:20.0469 INFO TaskQueue created.
2022-10-08 03:03:20.0904 INFO Max threads amount - 10.
2022-10-08 03:03:20.0921 INFO 9 thread - started.
2022-10-08 03:03:20.0921 INFO 10 thread - started.
2022-10-08 03:03:20.0921 INFO 11 thread - started.
2022-10-08 03:03:20.0921 INFO 12 thread - started.
2022-10-08 03:03:20.0921 INFO 13 thread - started.
2022-10-08 03:03:20.0921 INFO 14 thread - started.
2022-10-08 03:03:20.0921 INFO 15 thread - started.
2022-10-08 03:03:20.1092 INFO 16 thread - started.
2022-10-08 03:03:20.1092 INFO 17 thread - started.
2022-10-08 03:03:20.1092 INFO 18 thread - started.
2022-10-08 03:03:20.1092 INFO Directory copier created
2022-10-08 03:03:20.1092 INFO Start coping C:\University\wt -> C:\Users\yakov\OneDrive\Рабочий стол\dfdfdfdf.
2022-10-08 03:03:20.1092 INFO 12 thread - start copy C:\University\wt\.git\COMMIT_EDITMSG to C:\Users\yakov\OneDrive\Рабочий стол\dfdfdfdf\.git\COMMIT_EDITMSG.
2022-10-08 03:03:20.1092 INFO 17 thread - start copy C:\University\wt\.git\HEAD to C:\Users\yakov\OneDrive\Рабочий стол\dfdfdfdf\.git\HEAD.
2022-10-08 03:03:20.1092 INFO 11 thread - start copy C:\University\wt\.git\FETCH_HEAD to C:\Users\yakov\OneDrive\Рабочий стол\dfdfdfdf\.git\FETCH_HEAD.
2022-10-08 03:03:20.1092 INFO 18 thread - start copy C:\University\wt\.git\config to C:\Users\yakov\OneDrive\Рабочий стол\dfdfdfdf\.git\config.
2022-10-08 03:03:20.1092 INFO 15 thread - start copy C:\University\wt\.git\index to C:\Users\yakov\OneDrive\Рабочий стол\dfdfdfdf\.git\index.
2022-10-08 03:03:20.1092 INFO 14 thread - start copy C:\University\wt\.git\description to C:\Users\yakov\OneDrive\Рабочий стол\dfdfdfdf\.git\description.
2022-10-08 03:03:20.1092 INFO 10 thread - start copy C:\University\wt\.git\ORIG_HEAD to C:\Users\yakov\OneDrive\Рабочий стол\dfdfdfdf\.git\ORIG_HEAD.
2022-10-08 03:03:20.1092 INFO 16 thread - start copy C:\University\wt\.git\hooks\fsmonitor-watchman.sample to C:\Users\yakov\OneDrive\Рабочий стол\dfdfdfdf\.git\hooks\fsmonitor-watchman.sample.
2022-10-08 03:03:20.1092 INFO 9 thread - start copy C:\University\wt\.git\hooks\commit-msg.sample to C:\Users\yakov\OneDrive\Рабочий стол\dfdfdfdf\.git\hooks\commit-msg.sample.
2022-10-08 03:03:20.1092 INFO 13 thread - start copy C:\University\wt\.git\hooks\applypatch-msg.sample to C:\Users\yakov\OneDrive\Рабочий стол\dfdfdfdf\.git\hooks\applypatch-msg.sample.
2022-10-08 03:03:20.1241 INFO 16 thread - end copy C:\University\wt\.git\hooks\fsmonitor-watchman.sample to C:\Users\yakov\OneDrive\Рабочий стол\dfdfdfdf\.git\hooks\fsmonitor-watchman.sample.
2022-10-08 03:03:20.1241 INFO 16 thread - start copy C:\University\wt\.git\hooks\post-update.sample to C:\Users\yakov\OneDrive\Рабочий стол\dfdfdfdf\.git\hooks\post-update.sample.
2022-10-08 03:03:20.1241 INFO 13 thread - end copy C:\University\wt\.git\hooks\applypatch-msg.sample to C:\Users\yakov\OneDrive\Рабочий стол\dfdfdfdf\.git\hooks\applypatch-msg.sample.
2022-10-08 03:03:20.1241 INFO 13 thread - start copy C:\University\wt\.git\hooks\pre-applypatch.sample to C:\Users\yakov\OneDrive\Рабочий стол\dfdfdfdf\.git\hooks\pre-applypatch.sample.
2022-10-08 03:03:20.1241 INFO 9 thread - end copy C:\University\wt\.git\hooks\commit-msg.sample to C:\Users\yakov\OneDrive\Рабочий стол\dfdfdfdf\.git\hooks\commit-msg.sample.
2022-10-08 03:03:20.1241 INFO 9 thread - start copy C:\University\wt\.git\hooks\pre-commit.sample to C:\Users\yakov\OneDrive\Рабочий стол\dfdfdfdf\.git\hooks\pre-commit.sample.
2022-10-08 03:03:20.1241 INFO 16 thread - end copy C:\University\wt\.git\hooks\post-update.sample to C:\Users\yakov\OneDrive\Рабочий стол\dfdfdfdf\.git\hooks\post-update.sample.
2022-10-08 03:03:20.1241 INFO 16 thread - start copy C:\University\wt\.git\hooks\pre-merge-commit.sample to C:\Users\yakov\OneDrive\Рабочий стол\dfdfdfdf\.git\hooks\pre-merge-commit.sample.
2022-10-08 03:03:20.1241 INFO 13 thread - end copy C:\University\wt\.git\hooks\pre-applypatch.sample to C:\Users\yakov\OneDrive\Рабочий стол\dfdfdfdf\.git\hooks\pre-applypatch.sample.
2022-10-08 03:03:20.1241 INFO 13 thread - start copy C:\University\wt\.git\hooks\pre-push.sample to C:\Users\yakov\OneDrive\Рабочий стол\dfdfdfdf\.git\hooks\pre-push.sample.
2022-10-08 03:03:20.1241 INFO 9 thread - end copy C:\University\wt\.git\hooks\pre-commit.sample to C:\Users\yakov\OneDrive\Рабочий стол\dfdfdfdf\.git\hooks\pre-commit.sample.
2022-10-08 03:03:20.1241 INFO 9 thread - start copy C:\University\wt\.git\hooks\pre-rebase.sample to C:\Users\yakov\OneDrive\Рабочий стол\dfdfdfdf\.git\hooks\pre-rebase.sample.
2022-10-08 03:03:20.1241 INFO 17 thread - end copy C:\University\wt\.git\HEAD to C:\Users\yakov\OneDrive\Рабочий стол\dfdfdfdf\.git\HEAD.
2022-10-08 03:03:20.1241 INFO 17 thread - start copy C:\University\wt\.git\hooks\pre-receive.sample to C:\Users\yakov\OneDrive\Рабочий стол\dfdfdfdf\.git\hooks\pre-receive.sample.
2022-10-08 03:03:20.1241 INFO 18 thread - end copy C:\University\wt\.git\config to C:\Users\yakov\OneDrive\Рабочий стол\dfdfdfdf\.git\config.
2022-10-08 03:03:20.1241 INFO 15 thread - end copy C:\University\wt\.git\index to C:\Users\yakov\OneDrive\Рабочий стол\dfdfdfdf\.git\index.
2022-10-08 03:03:20.1241 INFO 15 thread - start copy C:\University\wt\.git\hooks\push-to-checkout.sample to C:\Users\yakov\OneDrive\Рабочий стол\dfdfdfdf\.git\hooks\push-to-checkout.sample.
2022-10-08 03:03:20.1241 INFO 11 thread - end copy C:\University\wt\.git\FETCH_HEAD to C:\Users\yakov\OneDrive\Рабочий стол\dfdfdfdf\.git\FETCH_HEAD.
2022-10-08 03:03:20.1241 INFO 11 thread - start copy C:\University\wt\.git\hooks\update.sample to C:\Users\yakov\OneDrive\Рабочий стол\dfdfdfdf\.git\hooks\update.sample.
2022-10-08 03:03:20.1241 INFO 14 thread - end copy C:\University\wt\.git\description to C:\Users\yakov\OneDrive\Рабочий стол\dfdfdfdf\.git\description.
2022-10-08 03:03:20.1241 INFO 12 thread - end copy C:\University\wt\.git\COMMIT_EDITMSG to C:\Users\yakov\OneDrive\Рабочий стол\dfdfdfdf\.git\COMMIT_EDITMSG.
2022-10-08 03:03:20.1241 INFO 12 thread - start copy C:\University\wt\.git\logs\HEAD to C:\Users\yakov\OneDrive\Рабочий стол\dfdfdfdf\.git\logs\HEAD.
2022-10-08 03:03:20.1241 INFO 10 thread - end copy C:\University\wt\.git\ORIG_HEAD to C:\Users\yakov\OneDrive\Рабочий стол\dfdfdfdf\.git\ORIG_HEAD.
2022-10-08 03:03:20.1241 INFO 18 thread - start copy C:\University\wt\.git\hooks\prepare-commit-msg.sample to C:\Users\yakov\OneDrive\Рабочий стол\dfdfdfdf\.git\hooks\prepare-commit-msg.sample.
2022-10-08 03:03:20.1241 INFO 16 thread - end copy C:\University\wt\.git\hooks\pre-merge-commit.sample to C:\Users\yakov\OneDrive\Рабочий стол\dfdfdfdf\.git\hooks\pre-merge-commit.sample.
2022-10-08 03:03:20.1241 INFO 14 thread - start copy C:\University\wt\.git\info\exclude to C:\Users\yakov\OneDrive\Рабочий стол\dfdfdfdf\.git\info\exclude.
2022-10-08 03:03:20.1241 INFO 16 thread - start copy C:\University\wt\.git\logs\refs\heads\master to C:\Users\yakov\OneDrive\Рабочий стол\dfdfdfdf\.git\logs\refs\heads\master.
2022-10-08 03:03:20.1241 INFO 13 thread - end copy C:\University\wt\.git\hooks\pre-push.sample to C:\Users\yakov\OneDrive\Рабочий стол\dfdfdfdf\.git\hooks\pre-push.sample.
2022-10-08 03:03:20.1241 INFO 9 thread - end copy C:\University\wt\.git\hooks\pre-rebase.sample to C:\Users\yakov\OneDrive\Рабочий стол\dfdfdfdf\.git\hooks\pre-rebase.sample.
2022-10-08 03:03:20.1241 INFO 12 thread - end copy C:\University\wt\.git\logs\HEAD to C:\Users\yakov\OneDrive\Рабочий стол\dfdfdfdf\.git\logs\HEAD.
2022-10-08 03:03:20.1241 INFO 16 thread - end copy C:\University\wt\.git\logs\refs\heads\master to C:\Users\yakov\OneDrive\Рабочий стол\dfdfdfdf\.git\logs\refs\heads\master.
2022-10-08 03:03:20.1241 INFO 14 thread - end copy C:\University\wt\.git\info\exclude to C:\Users\yakov\OneDrive\Рабочий стол\dfdfdfdf\.git\info\exclude.
2022-10-08 03:03:20.1241 INFO 15 thread - end copy C:\University\wt\.git\hooks\push-to-checkout.sample to C:\Users\yakov\OneDrive\Рабочий стол\dfdfdfdf\.git\hooks\push-to-checkout.sample.
2022-10-08 03:03:20.1241 INFO 15 thread - start copy C:\University\wt\.git\logs\refs\remotes\origin\master to C:\Users\yakov\OneDrive\Рабочий стол\dfdfdfdf\.git\logs\refs\remotes\origin\master.
2022-10-08 03:03:20.1241 INFO 17 thread - end copy C:\University\wt\.git\hooks\pre-receive.sample to C:\Users\yakov\OneDrive\Рабочий стол\dfdfdfdf\.git\hooks\pre-receive.sample.
2022-10-08 03:03:20.1241 INFO 11 thread - end copy C:\University\wt\.git\hooks\update.sample to C:\Users\yakov\OneDrive\Рабочий стол\dfdfdfdf\.git\hooks\update.sample.
2022-10-08 03:03:20.1241 INFO 18 thread - end copy C:\University\wt\.git\hooks\prepare-commit-msg.sample to C:\Users\yakov\OneDrive\Рабочий стол\dfdfdfdf\.git\hooks\prepare-commit-msg.sample.
2022-10-08 03:03:20.1241 INFO 15 thread - end copy C:\University\wt\.git\logs\refs\remotes\origin\master to C:\Users\yakov\OneDrive\Рабочий стол\dfdfdfdf\.git\logs\refs\remotes\origin\master.
2022-10-08 03:03:20.1241 INFO 10 thread - start copy C:\University\wt\.git\objects\00\69dcdf4fb0ad178ad6f31a2b599a78014ee8d4 to C:\Users\yakov\OneDrive\Рабочий стол\dfdfdfdf\.git\objects\00\69dcdf4fb0ad178ad6f31a2b599a78014ee8d4.
2022-10-08 03:03:20.1241 INFO 15 thread - start copy C:\University\wt\.git\objects\01\9685a00976413a17dabdbb10447506353081e8 to C:\Users\yakov\OneDrive\Рабочий стол\dfdfdfdf\.git\objects\01\9685a00976413a17dabdbb10447506353081e8.
2022-10-08 03:03:20.1241 INFO 18 thread - start copy C:\University\wt\.git\objects\01\fcd16ca3dc2d148cd57b8b3fdfb61813a876f0 to C:\Users\yakov\OneDrive\Рабочий стол\dfdfdfdf\.git\objects\01\fcd16ca3dc2d148cd57b8b3fdfb61813a876f0.
2022-10-08 03:03:20.1241 INFO 10 thread - end copy C:\University\wt\.git\objects\00\69dcdf4fb0ad178ad6f31a2b599a78014ee8d4 to C:\Users\yakov\OneDrive\Рабочий стол\dfdfdfdf\.git\objects\00\69dcdf4fb0ad178ad6f31a2b599a78014ee8d4.
2022-10-08 03:03:20.1241 INFO 13 thread - start copy C:\University\wt\.git\objects\03\e352e578c8a633c9c156af829ff845bca58f73 to C:\Users\yakov\OneDrive\Рабочий стол\dfdfdfdf\.git\objects\03\e352e578c8a633c9c156af829ff845bca58f73.
2022-10-08 03:03:20.1241 INFO 15 thread - end copy C:\University\wt\.git\objects\01\9685a00976413a17dabdbb10447506353081e8 to C:\Users\yakov\OneDrive\Рабочий стол\dfdfdfdf\.git\objects\01\9685a00976413a17dabdbb10447506353081e8.
2022-10-08 03:03:20.1241 INFO 18 thread - end copy C:\University\wt\.git\objects\01\fcd16ca3dc2d148cd57b8b3fdfb61813a876f0 to C:\Users\yakov\OneDrive\Рабочий стол\dfdfdfdf\.git\objects\01\fcd16ca3dc2d148cd57b8b3fdfb61813a876f0.
2022-10-08 03:03:20.1241 INFO 10 thread - start copy C:\University\wt\.git\objects\0e\2bdddf1e7adc652820a33c6d4f38a1c47da078 to C:\Users\yakov\OneDrive\Рабочий стол\dfdfdfdf\.git\objects\0e\2bdddf1e7adc652820a33c6d4f38a1c47da078.
2022-10-08 03:03:20.1241 INFO 15 thread - start copy C:\University\wt\.git\objects\0f\3f589bb75b03ad38c95a5af44080547619ec1c to C:\Users\yakov\OneDrive\Рабочий стол\dfdfdfdf\.git\objects\0f\3f589bb75b03ad38c95a5af44080547619ec1c.
2022-10-08 03:03:20.1241 INFO 10 thread - end copy C:\University\wt\.git\objects\0e\2bdddf1e7adc652820a33c6d4f38a1c47da078 to C:\Users\yakov\OneDrive\Рабочий стол\dfdfdfdf\.git\objects\0e\2bdddf1e7adc652820a33c6d4f38a1c47da078.
2022-10-08 03:03:20.1241 INFO 15 thread - end copy C:\University\wt\.git\objects\0f\3f589bb75b03ad38c95a5af44080547619ec1c to C:\Users\yakov\OneDrive\Рабочий стол\dfdfdfdf\.git\objects\0f\3f589bb75b03ad38c95a5af44080547619ec1c.
2022-10-08 03:03:20.1241 INFO 15 thread - start copy C:\University\wt\.git\objects\13\548afc76ea39a7bec5bef286e3655f6a6c4109 to C:\Users\yakov\OneDrive\Рабочий стол\dfdfdfdf\.git\objects\13\548afc76ea39a7bec5bef286e3655f6a6c4109.
2022-10-08 03:03:20.1241 INFO 15 thread - end copy C:\University\wt\.git\objects\13\548afc76ea39a7bec5bef286e3655f6a6c4109 to C:\Users\yakov\OneDrive\Рабочий стол\dfdfdfdf\.git\objects\13\548afc76ea39a7bec5bef286e3655f6a6c4109.
2022-10-08 03:03:20.1241 INFO 12 thread - start copy C:\University\wt\.git\objects\14\95672735be32316ecc344caa226e50d64b5b38 to C:\Users\yakov\OneDrive\Рабочий стол\dfdfdfdf\.git\objects\14\95672735be32316ecc344caa226e50d64b5b38.
2022-10-08 03:03:20.1241 INFO 14 thread - start copy C:\University\wt\.git\objects\14\6bae3053e20a6340524627ac2ccf477ea10a52 to C:\Users\yakov\OneDrive\Рабочий стол\dfdfdfdf\.git\objects\14\6bae3053e20a6340524627ac2ccf477ea10a52.
2022-10-08 03:03:20.1241 INFO 15 thread - start copy C:\University\wt\.git\objects\1d\4df99b9f238ed1d684db7b6e8f25e684cf5497 to C:\Users\yakov\OneDrive\Рабочий стол\dfdfdfdf\.git\objects\1d\4df99b9f238ed1d684db7b6e8f25e684cf5497.
2022-10-08 03:03:20.1241 INFO 14 thread - end copy C:\University\wt\.git\objects\14\6bae3053e20a6340524627ac2ccf477ea10a52 to C:\Users\yakov\OneDrive\Рабочий стол\dfdfdfdf\.git\objects\14\6bae3053e20a6340524627ac2ccf477ea10a52.
2022-10-08 03:03:20.1241 INFO 10 thread - start copy C:\University\wt\.git\objects\23\d7911404eb56667440c6844fb9e4da70c84c73 to C:\Users\yakov\OneDrive\Рабочий стол\dfdfdfdf\.git\objects\23\d7911404eb56667440c6844fb9e4da70c84c73.
2022-10-08 03:03:20.1241 INFO 12 thread - end copy C:\University\wt\.git\objects\14\95672735be32316ecc344caa226e50d64b5b38 to C:\Users\yakov\OneDrive\Рабочий стол\dfdfdfdf\.git\objects\14\95672735be32316ecc344caa226e50d64b5b38.
2022-10-08 03:03:20.1241 INFO 11 thread - start copy C:\University\wt\.git\objects\25\b5c5ca91e007fb6fcd608bb185dcd242da9a8f to C:\Users\yakov\OneDrive\Рабочий стол\dfdfdfdf\.git\objects\25\b5c5ca91e007fb6fcd608bb185dcd242da9a8f.
2022-10-08 03:03:20.1241 INFO 17 thread - start copy C:\University\wt\.git\objects\26\d33521af10bcc7fd8cea344038eaaeb78d0ef5 to C:\Users\yakov\OneDrive\Рабочий стол\dfdfdfdf\.git\objects\26\d33521af10bcc7fd8cea344038eaaeb78d0ef5.
2022-10-08 03:03:20.1241 INFO 16 thread - start copy C:\University\wt\.git\objects\27\aaa55fc9b488d11743989572120ffdc2175eba to C:\Users\yakov\OneDrive\Рабочий стол\dfdfdfdf\.git\objects\27\aaa55fc9b488d11743989572120ffdc2175eba.
2022-10-08 03:03:20.1241 INFO 12 thread - start copy C:\University\wt\.git\objects\2b\6c2c2d730a88689d7985ecf8c274bfcdbc4a06 to C:\Users\yakov\OneDrive\Рабочий стол\dfdfdfdf\.git\objects\2b\6c2c2d730a88689d7985ecf8c274bfcdbc4a06.
2022-10-08 03:03:20.1241 INFO 14 thread - start copy C:\University\wt\.git\objects\2d\44778743fea93ddd85dc7ad8dea6a7f45bec94 to C:\Users\yakov\OneDrive\Рабочий стол\dfdfdfdf\.git\objects\2d\44778743fea93ddd85dc7ad8dea6a7f45bec94.
2022-10-08 03:03:20.1241 INFO 16 thread - end copy C:\University\wt\.git\objects\27\aaa55fc9b488d11743989572120ffdc2175eba to C:\Users\yakov\OneDrive\Рабочий стол\dfdfdfdf\.git\objects\27\aaa55fc9b488d11743989572120ffdc2175eba.
2022-10-08 03:03:20.1389 INFO 12 thread - end copy C:\University\wt\.git\objects\2b\6c2c2d730a88689d7985ecf8c274bfcdbc4a06 to C:\Users\yakov\OneDrive\Рабочий стол\dfdfdfdf\.git\objects\2b\6c2c2d730a88689d7985ecf8c274bfcdbc4a06.
2022-10-08 03:03:20.1389 INFO 18 thread - start copy C:\University\wt\.git\objects\32\badf8dd8ce69872a5d6c24c51d817d85799057 to C:\Users\yakov\OneDrive\Рабочий стол\dfdfdfdf\.git\objects\32\badf8dd8ce69872a5d6c24c51d817d85799057.
2022-10-08 03:03:20.1389 INFO 14 thread - end copy C:\University\wt\.git\objects\2d\44778743fea93ddd85dc7ad8dea6a7f45bec94 to C:\Users\yakov\OneDrive\Рабочий стол\dfdfdfdf\.git\objects\2d\44778743fea93ddd85dc7ad8dea6a7f45bec94.
2022-10-08 03:03:20.1989 INFO 13 thread - end copy C:\University\wt\.git\objects\03\e352e578c8a633c9c156af829ff845bca58f73 to C:\Users\yakov\OneDrive\Рабочий стол\dfdfdfdf\.git\objects\03\e352e578c8a633c9c156af829ff845bca58f73.
2022-10-08 03:03:20.1989 INFO 17 thread - end copy C:\University\wt\.git\objects\26\d33521af10bcc7fd8cea344038eaaeb78d0ef5 to C:\Users\yakov\OneDrive\Рабочий стол\dfdfdfdf\.git\objects\26\d33521af10bcc7fd8cea344038eaaeb78d0ef5.
2022-10-08 03:03:20.1989 INFO 10 thread - end copy C:\University\wt\.git\objects\23\d7911404eb56667440c6844fb9e4da70c84c73 to C:\Users\yakov\OneDrive\Рабочий стол\dfdfdfdf\.git\objects\23\d7911404eb56667440c6844fb9e4da70c84c73.
2022-10-08 03:03:20.1989 INFO 15 thread - end copy C:\University\wt\.git\objects\1d\4df99b9f238ed1d684db7b6e8f25e684cf5497 to C:\Users\yakov\OneDrive\Рабочий стол\dfdfdfdf\.git\objects\1d\4df99b9f238ed1d684db7b6e8f25e684cf5497.
2022-10-08 03:03:20.1989 INFO 11 thread - end copy C:\University\wt\.git\objects\25\b5c5ca91e007fb6fcd608bb185dcd242da9a8f to C:\Users\yakov\OneDrive\Рабочий стол\dfdfdfdf\.git\objects\25\b5c5ca91e007fb6fcd608bb185dcd242da9a8f.
2022-10-08 03:03:20.1989 INFO 16 thread - start copy C:\University\wt\.git\objects\33\93c6ea30ac34e4489f991a7124c5536f608491 to C:\Users\yakov\OneDrive\Рабочий стол\dfdfdfdf\.git\objects\33\93c6ea30ac34e4489f991a7124c5536f608491.
2022-10-08 03:03:20.1989 INFO 18 thread - end copy C:\University\wt\.git\objects\32\badf8dd8ce69872a5d6c24c51d817d85799057 to C:\Users\yakov\OneDrive\Рабочий стол\dfdfdfdf\.git\objects\32\badf8dd8ce69872a5d6c24c51d817d85799057.
2022-10-08 03:03:20.1989 INFO 16 thread - end copy C:\University\wt\.git\objects\33\93c6ea30ac34e4489f991a7124c5536f608491 to C:\Users\yakov\OneDrive\Рабочий стол\dfdfdfdf\.git\objects\33\93c6ea30ac34e4489f991a7124c5536f608491.
2022-10-08 03:03:20.1989 INFO 14 thread - start copy C:\University\wt\.git\objects\34\be5012f951bc35ea9a78934764963f0cd3db82 to C:\Users\yakov\OneDrive\Рабочий стол\dfdfdfdf\.git\objects\34\be5012f951bc35ea9a78934764963f0cd3db82.
2022-10-08 03:03:20.1989 INFO 11 thread - start copy C:\University\wt\.git\objects\36\896cb0c9be5b83d209b8ea8d2e706dcd2d318c to C:\Users\yakov\OneDrive\Рабочий стол\dfdfdfdf\.git\objects\36\896cb0c9be5b83d209b8ea8d2e706dcd2d318c.
2022-10-08 03:03:20.1989 INFO 14 thread - end copy C:\University\wt\.git\objects\34\be5012f951bc35ea9a78934764963f0cd3db82 to C:\Users\yakov\OneDrive\Рабочий стол\dfdfdfdf\.git\objects\34\be5012f951bc35ea9a78934764963f0cd3db82.
2022-10-08 03:03:20.1989 INFO 13 thread - start copy C:\University\wt\.git\objects\3a\fb141e4ce377de19a6504748a9876344a1f72b to C:\Users\yakov\OneDrive\Рабочий стол\dfdfdfdf\.git\objects\3a\fb141e4ce377de19a6504748a9876344a1f72b.
2022-10-08 03:03:20.1989 INFO 12 thread - start copy C:\University\wt\.git\objects\3a\d7017c84a502fa4bd181727a2c439625d16eb0 to C:\Users\yakov\OneDrive\Рабочий стол\dfdfdfdf\.git\objects\3a\d7017c84a502fa4bd181727a2c439625d16eb0.
2022-10-08 03:03:20.1989 INFO 11 thread - end copy C:\University\wt\.git\objects\36\896cb0c9be5b83d209b8ea8d2e706dcd2d318c to C:\Users\yakov\OneDrive\Рабочий стол\dfdfdfdf\.git\objects\36\896cb0c9be5b83d209b8ea8d2e706dcd2d318c.
2022-10-08 03:03:20.1989 INFO 14 thread - start copy C:\University\wt\.git\objects\3f\cbaf37c1c72b352e1344ddc40eae2e52f6556d to C:\Users\yakov\OneDrive\Рабочий стол\dfdfdfdf\.git\objects\3f\cbaf37c1c72b352e1344ddc40eae2e52f6556d.
2022-10-08 03:03:20.1989 INFO 13 thread - end copy C:\University\wt\.git\objects\3a\fb141e4ce377de19a6504748a9876344a1f72b to C:\Users\yakov\OneDrive\Рабочий стол\dfdfdfdf\.git\objects\3a\fb141e4ce377de19a6504748a9876344a1f72b.
2022-10-08 03:03:20.1989 INFO 12 thread - end copy C:\University\wt\.git\objects\3a\d7017c84a502fa4bd181727a2c439625d16eb0 to C:\Users\yakov\OneDrive\Рабочий стол\dfdfdfdf\.git\objects\3a\d7017c84a502fa4bd181727a2c439625d16eb0.
2022-10-08 03:03:20.1989 INFO 11 thread - start copy C:\University\wt\.git\objects\40\f2fa7574a25d41f549d932c7956c807cbc184c to C:\Users\yakov\OneDrive\Рабочий стол\dfdfdfdf\.git\objects\40\f2fa7574a25d41f549d932c7956c807cbc184c.
2022-10-08 03:03:20.1989 INFO 9 thread - start copy C:\University\wt\.git\objects\40\ea37657e5a6c90e7b66825a2d8a6a682bb0b2d to C:\Users\yakov\OneDrive\Рабочий стол\dfdfdfdf\.git\objects\40\ea37657e5a6c90e7b66825a2d8a6a682bb0b2d.
2022-10-08 03:03:20.2016 INFO 14 thread - end copy C:\University\wt\.git\objects\3f\cbaf37c1c72b352e1344ddc40eae2e52f6556d to C:\Users\yakov\OneDrive\Рабочий стол\dfdfdfdf\.git\objects\3f\cbaf37c1c72b352e1344ddc40eae2e52f6556d.
2022-10-08 03:03:20.2016 INFO 12 thread - start copy C:\University\wt\.git\objects\42\bac2681aef64ffc43dcf4acd1c8a00a2066705 to C:\Users\yakov\OneDrive\Рабочий стол\dfdfdfdf\.git\objects\42\bac2681aef64ffc43dcf4acd1c8a00a2066705.
2022-10-08 03:03:20.2016 INFO 15 thread - start copy C:\University\wt\.git\objects\42\223b9ed4af6df8d2b388e64e3b301c04edc465 to C:\Users\yakov\OneDrive\Рабочий стол\dfdfdfdf\.git\objects\42\223b9ed4af6df8d2b388e64e3b301c04edc465.
2022-10-08 03:03:20.2016 INFO 11 thread - end copy C:\University\wt\.git\objects\40\f2fa7574a25d41f549d932c7956c807cbc184c to C:\Users\yakov\OneDrive\Рабочий стол\dfdfdfdf\.git\objects\40\f2fa7574a25d41f549d932c7956c807cbc184c.
2022-10-08 03:03:20.2016 INFO 10 thread - start copy C:\University\wt\.git\objects\44\76e3d2a0ae1807074841b213cee0d0551245ce to C:\Users\yakov\OneDrive\Рабочий стол\dfdfdfdf\.git\objects\44\76e3d2a0ae1807074841b213cee0d0551245ce.
2022-10-08 03:03:20.2016 INFO 9 thread - end copy C:\University\wt\.git\objects\40\ea37657e5a6c90e7b66825a2d8a6a682bb0b2d to C:\Users\yakov\OneDrive\Рабочий стол\dfdfdfdf\.git\objects\40\ea37657e5a6c90e7b66825a2d8a6a682bb0b2d.
2022-10-08 03:03:20.2016 INFO 12 thread - end copy C:\University\wt\.git\objects\42\bac2681aef64ffc43dcf4acd1c8a00a2066705 to C:\Users\yakov\OneDrive\Рабочий стол\dfdfdfdf\.git\objects\42\bac2681aef64ffc43dcf4acd1c8a00a2066705.
2022-10-08 03:03:20.2016 INFO 15 thread - end copy C:\University\wt\.git\objects\42\223b9ed4af6df8d2b388e64e3b301c04edc465 to C:\Users\yakov\OneDrive\Рабочий стол\dfdfdfdf\.git\objects\42\223b9ed4af6df8d2b388e64e3b301c04edc465.
2022-10-08 03:03:20.2016 INFO 12 thread - start copy C:\University\wt\.git\objects\48\3f77af90d1400b2f5d512fdcdcb9422efc0395 to C:\Users\yakov\OneDrive\Рабочий стол\dfdfdfdf\.git\objects\48\3f77af90d1400b2f5d512fdcdcb9422efc0395.
2022-10-08 03:03:20.2016 INFO 10 thread - end copy C:\University\wt\.git\objects\44\76e3d2a0ae1807074841b213cee0d0551245ce to C:\Users\yakov\OneDrive\Рабочий стол\dfdfdfdf\.git\objects\44\76e3d2a0ae1807074841b213cee0d0551245ce.
2022-10-08 03:03:20.2016 INFO 14 thread - start copy C:\University\wt\.git\objects\4c\e8421f8d09d38fa5df6eee8d8c3e8fb8a1c7ea to C:\Users\yakov\OneDrive\Рабочий стол\dfdfdfdf\.git\objects\4c\e8421f8d09d38fa5df6eee8d8c3e8fb8a1c7ea.
2022-10-08 03:03:20.2016 INFO 12 thread - end copy C:\University\wt\.git\objects\48\3f77af90d1400b2f5d512fdcdcb9422efc0395 to C:\Users\yakov\OneDrive\Рабочий стол\dfdfdfdf\.git\objects\48\3f77af90d1400b2f5d512fdcdcb9422efc0395.
2022-10-08 03:03:20.2016 INFO 11 thread - start copy C:\University\wt\.git\objects\4e\1c275aac285e93c97e3ecf95b339a279e44fb4 to C:\Users\yakov\OneDrive\Рабочий стол\dfdfdfdf\.git\objects\4e\1c275aac285e93c97e3ecf95b339a279e44fb4.
2022-10-08 03:03:20.2016 INFO 14 thread - end copy C:\University\wt\.git\objects\4c\e8421f8d09d38fa5df6eee8d8c3e8fb8a1c7ea to C:\Users\yakov\OneDrive\Рабочий стол\dfdfdfdf\.git\objects\4c\e8421f8d09d38fa5df6eee8d8c3e8fb8a1c7ea.
2022-10-08 03:03:20.2016 INFO 14 thread - start copy C:\University\wt\.git\objects\52\1c54d916aa55ce246f8ae51d719ab061d32011 to C:\Users\yakov\OneDrive\Рабочий стол\dfdfdfdf\.git\objects\52\1c54d916aa55ce246f8ae51d719ab061d32011.
2022-10-08 03:03:20.2016 INFO 9 thread - start copy C:\University\wt\.git\objects\52\682f48887fdae3fd19106c3bbc50f287d7293d to C:\Users\yakov\OneDrive\Рабочий стол\dfdfdfdf\.git\objects\52\682f48887fdae3fd19106c3bbc50f287d7293d.
2022-10-08 03:03:20.2016 INFO 11 thread - end copy C:\University\wt\.git\objects\4e\1c275aac285e93c97e3ecf95b339a279e44fb4 to C:\Users\yakov\OneDrive\Рабочий стол\dfdfdfdf\.git\objects\4e\1c275aac285e93c97e3ecf95b339a279e44fb4.
2022-10-08 03:03:20.2016 INFO 13 thread - start copy C:\University\wt\.git\objects\54\0652a285536aff216825a9f6e46f66a4d3fe02 to C:\Users\yakov\OneDrive\Рабочий стол\dfdfdfdf\.git\objects\54\0652a285536aff216825a9f6e46f66a4d3fe02.
2022-10-08 03:03:20.2016 INFO 14 thread - end copy C:\University\wt\.git\objects\52\1c54d916aa55ce246f8ae51d719ab061d32011 to C:\Users\yakov\OneDrive\Рабочий стол\dfdfdfdf\.git\objects\52\1c54d916aa55ce246f8ae51d719ab061d32011.
2022-10-08 03:03:20.2016 INFO 9 thread - end copy C:\University\wt\.git\objects\52\682f48887fdae3fd19106c3bbc50f287d7293d to C:\Users\yakov\OneDrive\Рабочий стол\dfdfdfdf\.git\objects\52\682f48887fdae3fd19106c3bbc50f287d7293d.
2022-10-08 03:03:20.2016 INFO 13 thread - end copy C:\University\wt\.git\objects\54\0652a285536aff216825a9f6e46f66a4d3fe02 to C:\Users\yakov\OneDrive\Рабочий стол\dfdfdfdf\.git\objects\54\0652a285536aff216825a9f6e46f66a4d3fe02.
2022-10-08 03:03:20.2016 INFO 9 thread - start copy C:\University\wt\.git\objects\55\07442830cea250ce03d3e1dd849b43e18264ce to C:\Users\yakov\OneDrive\Рабочий стол\dfdfdfdf\.git\objects\55\07442830cea250ce03d3e1dd849b43e18264ce.
2022-10-08 03:03:20.2016 INFO 15 thread - start copy C:\University\wt\.git\objects\55\c6a70b7d7b83f6fdeb08249892b01c0b0388b2 to C:\Users\yakov\OneDrive\Рабочий стол\dfdfdfdf\.git\objects\55\c6a70b7d7b83f6fdeb08249892b01c0b0388b2.
2022-10-08 03:03:20.2016 INFO 10 thread - start copy C:\University\wt\.git\objects\56\cc81e4aa37c2a28a7a7175cf54deb65ea091b8 to C:\Users\yakov\OneDrive\Рабочий стол\dfdfdfdf\.git\objects\56\cc81e4aa37c2a28a7a7175cf54deb65ea091b8.
2022-10-08 03:03:20.2016 INFO 9 thread - end copy C:\University\wt\.git\objects\55\07442830cea250ce03d3e1dd849b43e18264ce to C:\Users\yakov\OneDrive\Рабочий стол\dfdfdfdf\.git\objects\55\07442830cea250ce03d3e1dd849b43e18264ce.
2022-10-08 03:03:20.2016 INFO 15 thread - end copy C:\University\wt\.git\objects\55\c6a70b7d7b83f6fdeb08249892b01c0b0388b2 to C:\Users\yakov\OneDrive\Рабочий стол\dfdfdfdf\.git\objects\55\c6a70b7d7b83f6fdeb08249892b01c0b0388b2.
2022-10-08 03:03:20.2016 INFO 15 thread - start copy C:\University\wt\.git\objects\5d\4cf1e3b8c2671f15e96325711451544b277af9 to C:\Users\yakov\OneDrive\Рабочий стол\dfdfdfdf\.git\objects\5d\4cf1e3b8c2671f15e96325711451544b277af9.
2022-10-08 03:03:20.2016 INFO 10 thread - end copy C:\University\wt\.git\objects\56\cc81e4aa37c2a28a7a7175cf54deb65ea091b8 to C:\Users\yakov\OneDrive\Рабочий стол\dfdfdfdf\.git\objects\56\cc81e4aa37c2a28a7a7175cf54deb65ea091b8.
2022-10-08 03:03:20.2016 INFO 10 thread - start copy C:\University\wt\.git\objects\60\9697976eab16ddde116ce724a57822fe57e2ef to C:\Users\yakov\OneDrive\Рабочий стол\dfdfdfdf\.git\objects\60\9697976eab16ddde116ce724a57822fe57e2ef.
2022-10-08 03:03:20.2016 INFO 15 thread - end copy C:\University\wt\.git\objects\5d\4cf1e3b8c2671f15e96325711451544b277af9 to C:\Users\yakov\OneDrive\Рабочий стол\dfdfdfdf\.git\objects\5d\4cf1e3b8c2671f15e96325711451544b277af9.
2022-10-08 03:03:20.2016 INFO 10 thread - end copy C:\University\wt\.git\objects\60\9697976eab16ddde116ce724a57822fe57e2ef to C:\Users\yakov\OneDrive\Рабочий стол\dfdfdfdf\.git\objects\60\9697976eab16ddde116ce724a57822fe57e2ef.
2022-10-08 03:03:20.2016 INFO 15 thread - start copy C:\University\wt\.git\objects\62\64d1444ab23b48e2482574328aed1170c2be8b to C:\Users\yakov\OneDrive\Рабочий стол\dfdfdfdf\.git\objects\62\64d1444ab23b48e2482574328aed1170c2be8b.
2022-10-08 03:03:20.2016 INFO 18 thread - start copy C:\University\wt\.git\objects\62\df12a9f38cad16c0e0f18883541e6ec05f38a1 to C:\Users\yakov\OneDrive\Рабочий стол\dfdfdfdf\.git\objects\62\df12a9f38cad16c0e0f18883541e6ec05f38a1.
2022-10-08 03:03:20.2016 INFO 13 thread - start copy C:\University\wt\.git\objects\64\c57f9959daecfb4a0f1d84b945d506c195bef2 to C:\Users\yakov\OneDrive\Рабочий стол\dfdfdfdf\.git\objects\64\c57f9959daecfb4a0f1d84b945d506c195bef2.
2022-10-08 03:03:20.2016 INFO 15 thread - end copy C:\University\wt\.git\objects\62\64d1444ab23b48e2482574328aed1170c2be8b to C:\Users\yakov\OneDrive\Рабочий стол\dfdfdfdf\.git\objects\62\64d1444ab23b48e2482574328aed1170c2be8b.
2022-10-08 03:03:20.2016 INFO 18 thread - end copy C:\University\wt\.git\objects\62\df12a9f38cad16c0e0f18883541e6ec05f38a1 to C:\Users\yakov\OneDrive\Рабочий стол\dfdfdfdf\.git\objects\62\df12a9f38cad16c0e0f18883541e6ec05f38a1.
2022-10-08 03:03:20.2016 INFO 15 thread - start copy C:\University\wt\.git\objects\65\92f494ac8f49bd91e92d0a2051d554ea77fe5e to C:\Users\yakov\OneDrive\Рабочий стол\dfdfdfdf\.git\objects\65\92f494ac8f49bd91e92d0a2051d554ea77fe5e.
2022-10-08 03:03:20.2016 INFO 13 thread - end copy C:\University\wt\.git\objects\64\c57f9959daecfb4a0f1d84b945d506c195bef2 to C:\Users\yakov\OneDrive\Рабочий стол\dfdfdfdf\.git\objects\64\c57f9959daecfb4a0f1d84b945d506c195bef2.
2022-10-08 03:03:20.2016 INFO 17 thread - start copy C:\University\wt\.git\objects\6c\0b8635858dc7ad44b93df54b762707ce49eefc to C:\Users\yakov\OneDrive\Рабочий стол\dfdfdfdf\.git\objects\6c\0b8635858dc7ad44b93df54b762707ce49eefc.
2022-10-08 03:03:20.2016 INFO 12 thread - start copy C:\University\wt\.git\objects\6e\b4f68bd3e696695cc01323d6da1aa69d4f0a3d to C:\Users\yakov\OneDrive\Рабочий стол\dfdfdfdf\.git\objects\6e\b4f68bd3e696695cc01323d6da1aa69d4f0a3d.
2022-10-08 03:03:20.2016 INFO 15 thread - end copy C:\University\wt\.git\objects\65\92f494ac8f49bd91e92d0a2051d554ea77fe5e to C:\Users\yakov\OneDrive\Рабочий стол\dfdfdfdf\.git\objects\65\92f494ac8f49bd91e92d0a2051d554ea77fe5e.
2022-10-08 03:03:20.2016 INFO 17 thread - end copy C:\University\wt\.git\objects\6c\0b8635858dc7ad44b93df54b762707ce49eefc to C:\Users\yakov\OneDrive\Рабочий стол\dfdfdfdf\.git\objects\6c\0b8635858dc7ad44b93df54b762707ce49eefc.
2022-10-08 03:03:20.2016 INFO 10 thread - start copy C:\University\wt\.git\objects\6f\fed06fbede8f939734e36a16ed18d86b03c2ed to C:\Users\yakov\OneDrive\Рабочий стол\dfdfdfdf\.git\objects\6f\fed06fbede8f939734e36a16ed18d86b03c2ed.
2022-10-08 03:03:20.2016 INFO 12 thread - end copy C:\University\wt\.git\objects\6e\b4f68bd3e696695cc01323d6da1aa69d4f0a3d to C:\Users\yakov\OneDrive\Рабочий стол\dfdfdfdf\.git\objects\6e\b4f68bd3e696695cc01323d6da1aa69d4f0a3d.
2022-10-08 03:03:20.2016 INFO 11 thread - start copy C:\University\wt\.git\objects\71\cb0d67fded21a38144c5c306865c2272ab2fee to C:\Users\yakov\OneDrive\Рабочий стол\dfdfdfdf\.git\objects\71\cb0d67fded21a38144c5c306865c2272ab2fee.
2022-10-08 03:03:20.2016 INFO 9 thread - start copy C:\University\wt\.git\objects\75\8e6204a6c743b5dbddbc6506aa060f319df460 to C:\Users\yakov\OneDrive\Рабочий стол\dfdfdfdf\.git\objects\75\8e6204a6c743b5dbddbc6506aa060f319df460.
2022-10-08 03:03:20.2016 INFO 11 thread - end copy C:\University\wt\.git\objects\71\cb0d67fded21a38144c5c306865c2272ab2fee to C:\Users\yakov\OneDrive\Рабочий стол\dfdfdfdf\.git\objects\71\cb0d67fded21a38144c5c306865c2272ab2fee.
2022-10-08 03:03:20.2016 INFO 11 thread - start copy C:\University\wt\.git\objects\7d\0308ac7ac16e2d9a09bc12e46eab888cd13c1b to C:\Users\yakov\OneDrive\Рабочий стол\dfdfdfdf\.git\objects\7d\0308ac7ac16e2d9a09bc12e46eab888cd13c1b.
2022-10-08 03:03:20.2016 INFO 9 thread - end copy C:\University\wt\.git\objects\75\8e6204a6c743b5dbddbc6506aa060f319df460 to C:\Users\yakov\OneDrive\Рабочий стол\dfdfdfdf\.git\objects\75\8e6204a6c743b5dbddbc6506aa060f319df460.
2022-10-08 03:03:20.2016 INFO 9 thread - start copy C:\University\wt\.git\objects\7f\5748447ff66f321122abfaf859075ddb40c010 to C:\Users\yakov\OneDrive\Рабочий стол\dfdfdfdf\.git\objects\7f\5748447ff66f321122abfaf859075ddb40c010.
2022-10-08 03:03:20.2016 INFO 11 thread - end copy C:\University\wt\.git\objects\7d\0308ac7ac16e2d9a09bc12e46eab888cd13c1b to C:\Users\yakov\OneDrive\Рабочий стол\dfdfdfdf\.git\objects\7d\0308ac7ac16e2d9a09bc12e46eab888cd13c1b.
2022-10-08 03:03:20.2016 INFO 15 thread - start copy C:\University\wt\.git\objects\81\2ec8bd37a2336e64e67ce8fafb86d8d2611e4a to C:\Users\yakov\OneDrive\Рабочий стол\dfdfdfdf\.git\objects\81\2ec8bd37a2336e64e67ce8fafb86d8d2611e4a.
2022-10-08 03:03:20.2016 INFO 9 thread - end copy C:\University\wt\.git\objects\7f\5748447ff66f321122abfaf859075ddb40c010 to C:\Users\yakov\OneDrive\Рабочий стол\dfdfdfdf\.git\objects\7f\5748447ff66f321122abfaf859075ddb40c010.
2022-10-08 03:03:20.2016 INFO 12 thread - start copy C:\University\wt\.git\objects\84\db712eaf2dfcacd66fc7ad5a696a19eb290d91 to C:\Users\yakov\OneDrive\Рабочий стол\dfdfdfdf\.git\objects\84\db712eaf2dfcacd66fc7ad5a696a19eb290d91.
2022-10-08 03:03:20.2016 INFO 13 thread - start copy C:\University\wt\.git\objects\84\2b69d7bcb8d1807d1d71345c5cd9594c927ed0 to C:\Users\yakov\OneDrive\Рабочий стол\dfdfdfdf\.git\objects\84\2b69d7bcb8d1807d1d71345c5cd9594c927ed0.
2022-10-08 03:03:20.2016 INFO 17 thread - start copy C:\University\wt\.git\objects\8e\ad8c106a7aba2f4d9a091bed88b30b682abbbc to C:\Users\yakov\OneDrive\Рабочий стол\dfdfdfdf\.git\objects\8e\ad8c106a7aba2f4d9a091bed88b30b682abbbc.
2022-10-08 03:03:20.2016 INFO 12 thread - end copy C:\University\wt\.git\objects\84\db712eaf2dfcacd66fc7ad5a696a19eb290d91 to C:\Users\yakov\OneDrive\Рабочий стол\dfdfdfdf\.git\objects\84\db712eaf2dfcacd66fc7ad5a696a19eb290d91.
2022-10-08 03:03:20.2016 INFO 13 thread - end copy C:\University\wt\.git\objects\84\2b69d7bcb8d1807d1d71345c5cd9594c927ed0 to C:\Users\yakov\OneDrive\Рабочий стол\dfdfdfdf\.git\objects\84\2b69d7bcb8d1807d1d71345c5cd9594c927ed0.
2022-10-08 03:03:20.2016 INFO 16 thread - start copy C:\University\wt\.git\objects\8f\93616ff173160dbee85149e8434a72852d4806 to C:\Users\yakov\OneDrive\Рабочий стол\dfdfdfdf\.git\objects\8f\93616ff173160dbee85149e8434a72852d4806.
2022-10-08 03:03:20.2016 INFO 17 thread - end copy C:\University\wt\.git\objects\8e\ad8c106a7aba2f4d9a091bed88b30b682abbbc to C:\Users\yakov\OneDrive\Рабочий стол\dfdfdfdf\.git\objects\8e\ad8c106a7aba2f4d9a091bed88b30b682abbbc.
2022-10-08 03:03:20.2016 INFO 15 thread - end copy C:\University\wt\.git\objects\81\2ec8bd37a2336e64e67ce8fafb86d8d2611e4a to C:\Users\yakov\OneDrive\Рабочий стол\dfdfdfdf\.git\objects\81\2ec8bd37a2336e64e67ce8fafb86d8d2611e4a.
2022-10-08 03:03:20.2016 INFO 13 thread - start copy C:\University\wt\.git\objects\91\9ce1f1f77253454105acb2aad9997c1047a0e6 to C:\Users\yakov\OneDrive\Рабочий стол\dfdfdfdf\.git\objects\91\9ce1f1f77253454105acb2aad9997c1047a0e6.
2022-10-08 03:03:20.2016 INFO 16 thread - end copy C:\University\wt\.git\objects\8f\93616ff173160dbee85149e8434a72852d4806 to C:\Users\yakov\OneDrive\Рабочий стол\dfdfdfdf\.git\objects\8f\93616ff173160dbee85149e8434a72852d4806.
2022-10-08 03:03:20.2016 INFO 13 thread - end copy C:\University\wt\.git\objects\91\9ce1f1f77253454105acb2aad9997c1047a0e6 to C:\Users\yakov\OneDrive\Рабочий стол\dfdfdfdf\.git\objects\91\9ce1f1f77253454105acb2aad9997c1047a0e6.
2022-10-08 03:03:20.2016 INFO 11 thread - start copy C:\University\wt\.git\objects\99\e1153a6aaaf43e79ce5561137fe223aecf8676 to C:\Users\yakov\OneDrive\Рабочий стол\dfdfdfdf\.git\objects\99\e1153a6aaaf43e79ce5561137fe223aecf8676.
2022-10-08 03:03:20.2016 INFO 12 thread - start copy C:\University\wt\.git\objects\9e\f9e159a7cb3f4329dbf41f54ba5d8d26465ec9 to C:\Users\yakov\OneDrive\Рабочий стол\dfdfdfdf\.git\objects\9e\f9e159a7cb3f4329dbf41f54ba5d8d26465ec9.
2022-10-08 03:03:20.2016 INFO 11 thread - end copy C:\University\wt\.git\objects\99\e1153a6aaaf43e79ce5561137fe223aecf8676 to C:\Users\yakov\OneDrive\Рабочий стол\dfdfdfdf\.git\objects\99\e1153a6aaaf43e79ce5561137fe223aecf8676.
2022-10-08 03:03:20.2016 INFO 13 thread - start copy C:\University\wt\.git\objects\9f\941d6952703ed8aeb66c0240e68c3ca0085ff7 to C:\Users\yakov\OneDrive\Рабочий стол\dfdfdfdf\.git\objects\9f\941d6952703ed8aeb66c0240e68c3ca0085ff7.
2022-10-08 03:03:20.2016 INFO 12 thread - end copy C:\University\wt\.git\objects\9e\f9e159a7cb3f4329dbf41f54ba5d8d26465ec9 to C:\Users\yakov\OneDrive\Рабочий стол\dfdfdfdf\.git\objects\9e\f9e159a7cb3f4329dbf41f54ba5d8d26465ec9.
2022-10-08 03:03:20.2016 INFO 14 thread - start copy C:\University\wt\.git\objects\9f\a84674709681939275c2dcb36a75d9037b1cba to C:\Users\yakov\OneDrive\Рабочий стол\dfdfdfdf\.git\objects\9f\a84674709681939275c2dcb36a75d9037b1cba.
2022-10-08 03:03:20.2016 INFO 13 thread - end copy C:\University\wt\.git\objects\9f\941d6952703ed8aeb66c0240e68c3ca0085ff7 to C:\Users\yakov\OneDrive\Рабочий стол\dfdfdfdf\.git\objects\9f\941d6952703ed8aeb66c0240e68c3ca0085ff7.
2022-10-08 03:03:20.2016 INFO 11 thread - start copy C:\University\wt\.git\objects\a1\d97d963600de665220b0870dc754bd02b97cc5 to C:\Users\yakov\OneDrive\Рабочий стол\dfdfdfdf\.git\objects\a1\d97d963600de665220b0870dc754bd02b97cc5.
2022-10-08 03:03:20.2016 INFO 16 thread - start copy C:\University\wt\.git\objects\a1\c2a238a965f004ff76978ac1086aa6fe95caea to C:\Users\yakov\OneDrive\Рабочий стол\dfdfdfdf\.git\objects\a1\c2a238a965f004ff76978ac1086aa6fe95caea.
2022-10-08 03:03:20.2016 INFO 9 thread - start copy C:\University\wt\.git\objects\a1\40e5a50d58f42b9e0709ad319b96171274d713 to C:\Users\yakov\OneDrive\Рабочий стол\dfdfdfdf\.git\objects\a1\40e5a50d58f42b9e0709ad319b96171274d713.
2022-10-08 03:03:20.2016 INFO 14 thread - end copy C:\University\wt\.git\objects\9f\a84674709681939275c2dcb36a75d9037b1cba to C:\Users\yakov\OneDrive\Рабочий стол\dfdfdfdf\.git\objects\9f\a84674709681939275c2dcb36a75d9037b1cba.
2022-10-08 03:03:20.2016 INFO 10 thread - end copy C:\University\wt\.git\objects\6f\fed06fbede8f939734e36a16ed18d86b03c2ed to C:\Users\yakov\OneDrive\Рабочий стол\dfdfdfdf\.git\objects\6f\fed06fbede8f939734e36a16ed18d86b03c2ed.
2022-10-08 03:03:20.2172 INFO 11 thread - end copy C:\University\wt\.git\objects\a1\d97d963600de665220b0870dc754bd02b97cc5 to C:\Users\yakov\OneDrive\Рабочий стол\dfdfdfdf\.git\objects\a1\d97d963600de665220b0870dc754bd02b97cc5.
2022-10-08 03:03:20.2172 INFO 9 thread - end copy C:\University\wt\.git\objects\a1\40e5a50d58f42b9e0709ad319b96171274d713 to C:\Users\yakov\OneDrive\Рабочий стол\dfdfdfdf\.git\objects\a1\40e5a50d58f42b9e0709ad319b96171274d713.
2022-10-08 03:03:20.2172 INFO 16 thread - end copy C:\University\wt\.git\objects\a1\c2a238a965f004ff76978ac1086aa6fe95caea to C:\Users\yakov\OneDrive\Рабочий стол\dfdfdfdf\.git\objects\a1\c2a238a965f004ff76978ac1086aa6fe95caea.
2022-10-08 03:03:20.2172 INFO 11 thread - start copy C:\University\wt\.git\objects\a4\4de31fb038777a243984656550454c0d539878 to C:\Users\yakov\OneDrive\Рабочий стол\dfdfdfdf\.git\objects\a4\4de31fb038777a243984656550454c0d539878.
2022-10-08 03:03:20.2172 INFO 17 thread - start copy C:\University\wt\.git\objects\a4\ec0458c3224a2d0a839098c4a4e6506620e27d to C:\Users\yakov\OneDrive\Рабочий стол\dfdfdfdf\.git\objects\a4\ec0458c3224a2d0a839098c4a4e6506620e27d.
2022-10-08 03:03:20.2172 INFO 16 thread - start copy C:\University\wt\.git\objects\a5\5e7a179bde3e4e772c29c0c85e53354aa54618 to C:\Users\yakov\OneDrive\Рабочий стол\dfdfdfdf\.git\objects\a5\5e7a179bde3e4e772c29c0c85e53354aa54618.
2022-10-08 03:03:20.2172 INFO 11 thread - end copy C:\University\wt\.git\objects\a4\4de31fb038777a243984656550454c0d539878 to C:\Users\yakov\OneDrive\Рабочий стол\dfdfdfdf\.git\objects\a4\4de31fb038777a243984656550454c0d539878.
2022-10-08 03:03:20.2172 INFO 17 thread - end copy C:\University\wt\.git\objects\a4\ec0458c3224a2d0a839098c4a4e6506620e27d to C:\Users\yakov\OneDrive\Рабочий стол\dfdfdfdf\.git\objects\a4\ec0458c3224a2d0a839098c4a4e6506620e27d.
2022-10-08 03:03:20.2172 INFO 9 thread - start copy C:\University\wt\.git\objects\a6\63c965301972fbda2bf3c8c5dc440f43fb28e4 to C:\Users\yakov\OneDrive\Рабочий стол\dfdfdfdf\.git\objects\a6\63c965301972fbda2bf3c8c5dc440f43fb28e4.
2022-10-08 03:03:20.2172 INFO 16 thread - end copy C:\University\wt\.git\objects\a5\5e7a179bde3e4e772c29c0c85e53354aa54618 to C:\Users\yakov\OneDrive\Рабочий стол\dfdfdfdf\.git\objects\a5\5e7a179bde3e4e772c29c0c85e53354aa54618.
2022-10-08 03:03:20.2172 INFO 14 thread - start copy C:\University\wt\.git\objects\a8\de0fc1eabe5f4310d7db43fa6a8f2cc914df35 to C:\Users\yakov\OneDrive\Рабочий стол\dfdfdfdf\.git\objects\a8\de0fc1eabe5f4310d7db43fa6a8f2cc914df35.
2022-10-08 03:03:20.2172 INFO 9 thread - end copy C:\University\wt\.git\objects\a6\63c965301972fbda2bf3c8c5dc440f43fb28e4 to C:\Users\yakov\OneDrive\Рабочий стол\dfdfdfdf\.git\objects\a6\63c965301972fbda2bf3c8c5dc440f43fb28e4.
2022-10-08 03:03:20.2172 INFO 13 thread - start copy C:\University\wt\.git\objects\ac\52fb562abc9ed6f5d883acf306ae9655a4c15f to C:\Users\yakov\OneDrive\Рабочий стол\dfdfdfdf\.git\objects\ac\52fb562abc9ed6f5d883acf306ae9655a4c15f.
2022-10-08 03:03:20.2172 INFO 9 thread - start copy C:\University\wt\.git\objects\ae\206034cdad933219e51811ae9189decb935c54 to C:\Users\yakov\OneDrive\Рабочий стол\dfdfdfdf\.git\objects\ae\206034cdad933219e51811ae9189decb935c54.
2022-10-08 03:03:20.2172 INFO 13 thread - end copy C:\University\wt\.git\objects\ac\52fb562abc9ed6f5d883acf306ae9655a4c15f to C:\Users\yakov\OneDrive\Рабочий стол\dfdfdfdf\.git\objects\ac\52fb562abc9ed6f5d883acf306ae9655a4c15f.
2022-10-08 03:03:20.2172 INFO 13 thread - start copy C:\University\wt\.git\objects\b0\e13e285d3f31daafa5134a3774af0d86ea24a2 to C:\Users\yakov\OneDrive\Рабочий стол\dfdfdfdf\.git\objects\b0\e13e285d3f31daafa5134a3774af0d86ea24a2.
2022-10-08 03:03:20.2172 INFO 15 thread - start copy C:\University\wt\.git\objects\b0\e193992d2a42a00176bd0615f31ba3bfd917a2 to C:\Users\yakov\OneDrive\Рабочий стол\dfdfdfdf\.git\objects\b0\e193992d2a42a00176bd0615f31ba3bfd917a2.
2022-10-08 03:03:20.2172 INFO 9 thread - end copy C:\University\wt\.git\objects\ae\206034cdad933219e51811ae9189decb935c54 to C:\Users\yakov\OneDrive\Рабочий стол\dfdfdfdf\.git\objects\ae\206034cdad933219e51811ae9189decb935c54.
2022-10-08 03:03:20.2172 INFO 14 thread - end copy C:\University\wt\.git\objects\a8\de0fc1eabe5f4310d7db43fa6a8f2cc914df35 to C:\Users\yakov\OneDrive\Рабочий стол\dfdfdfdf\.git\objects\a8\de0fc1eabe5f4310d7db43fa6a8f2cc914df35.
2022-10-08 03:03:20.2172 INFO 16 thread - start copy C:\University\wt\.git\objects\b2\a5b513bda020702f80938a0e50cef49b39a2ad to C:\Users\yakov\OneDrive\Рабочий стол\dfdfdfdf\.git\objects\b2\a5b513bda020702f80938a0e50cef49b39a2ad.
2022-10-08 03:03:20.2172 INFO 13 thread - end copy C:\University\wt\.git\objects\b0\e13e285d3f31daafa5134a3774af0d86ea24a2 to C:\Users\yakov\OneDrive\Рабочий стол\dfdfdfdf\.git\objects\b0\e13e285d3f31daafa5134a3774af0d86ea24a2.
2022-10-08 03:03:20.2172 INFO 18 thread - start copy C:\University\wt\.git\objects\b3\c4da6cfbffd31ba6591091f97efe6891a4e13d to C:\Users\yakov\OneDrive\Рабочий стол\dfdfdfdf\.git\objects\b3\c4da6cfbffd31ba6591091f97efe6891a4e13d.
2022-10-08 03:03:20.2172 INFO 12 thread - start copy C:\University\wt\.git\objects\b3\18878d72bfe5e3f9c4f0c9530e6a57d1533338 to C:\Users\yakov\OneDrive\Рабочий стол\dfdfdfdf\.git\objects\b3\18878d72bfe5e3f9c4f0c9530e6a57d1533338.
2022-10-08 03:03:20.2172 INFO 16 thread - end copy C:\University\wt\.git\objects\b2\a5b513bda020702f80938a0e50cef49b39a2ad to C:\Users\yakov\OneDrive\Рабочий стол\dfdfdfdf\.git\objects\b2\a5b513bda020702f80938a0e50cef49b39a2ad.
2022-10-08 03:03:20.2172 INFO 15 thread - end copy C:\University\wt\.git\objects\b0\e193992d2a42a00176bd0615f31ba3bfd917a2 to C:\Users\yakov\OneDrive\Рабочий стол\dfdfdfdf\.git\objects\b0\e193992d2a42a00176bd0615f31ba3bfd917a2.
2022-10-08 03:03:20.2172 INFO 11 thread - start copy C:\University\wt\.git\objects\b4\baf08df569dd9fce97590c8dd206739717e5f6 to C:\Users\yakov\OneDrive\Рабочий стол\dfdfdfdf\.git\objects\b4\baf08df569dd9fce97590c8dd206739717e5f6.
2022-10-08 03:03:20.2172 INFO 18 thread - end copy C:\University\wt\.git\objects\b3\c4da6cfbffd31ba6591091f97efe6891a4e13d to C:\Users\yakov\OneDrive\Рабочий стол\dfdfdfdf\.git\objects\b3\c4da6cfbffd31ba6591091f97efe6891a4e13d.
2022-10-08 03:03:20.2172 INFO 12 thread - end copy C:\University\wt\.git\objects\b3\18878d72bfe5e3f9c4f0c9530e6a57d1533338 to C:\Users\yakov\OneDrive\Рабочий стол\dfdfdfdf\.git\objects\b3\18878d72bfe5e3f9c4f0c9530e6a57d1533338.
2022-10-08 03:03:20.2172 INFO 11 thread - end copy C:\University\wt\.git\objects\b4\baf08df569dd9fce97590c8dd206739717e5f6 to C:\Users\yakov\OneDrive\Рабочий стол\dfdfdfdf\.git\objects\b4\baf08df569dd9fce97590c8dd206739717e5f6.
2022-10-08 03:03:20.2172 INFO 14 thread - start copy C:\University\wt\.git\objects\b9\5743ead78ea22b19e3f1d67e76ed8740a9e72c to C:\Users\yakov\OneDrive\Рабочий стол\dfdfdfdf\.git\objects\b9\5743ead78ea22b19e3f1d67e76ed8740a9e72c.
2022-10-08 03:03:20.2172 INFO 9 thread - start copy C:\University\wt\.git\objects\ba\9fda5ce445067cda49e1e26e267a6b028cca76 to C:\Users\yakov\OneDrive\Рабочий стол\dfdfdfdf\.git\objects\ba\9fda5ce445067cda49e1e26e267a6b028cca76.
2022-10-08 03:03:20.2172 INFO 14 thread - end copy C:\University\wt\.git\objects\b9\5743ead78ea22b19e3f1d67e76ed8740a9e72c to C:\Users\yakov\OneDrive\Рабочий стол\dfdfdfdf\.git\objects\b9\5743ead78ea22b19e3f1d67e76ed8740a9e72c.
2022-10-08 03:03:20.2172 INFO 14 thread - start copy C:\University\wt\.git\objects\bd\be527e6073f2452b4238219494fefeb0ffdb94 to C:\Users\yakov\OneDrive\Рабочий стол\dfdfdfdf\.git\objects\bd\be527e6073f2452b4238219494fefeb0ffdb94.
2022-10-08 03:03:20.2172 INFO 9 thread - end copy C:\University\wt\.git\objects\ba\9fda5ce445067cda49e1e26e267a6b028cca76 to C:\Users\yakov\OneDrive\Рабочий стол\dfdfdfdf\.git\objects\ba\9fda5ce445067cda49e1e26e267a6b028cca76.
2022-10-08 03:03:20.2172 INFO 13 thread - start copy C:\University\wt\.git\objects\be\2456d2aabeafeb8076447f628016891049c194 to C:\Users\yakov\OneDrive\Рабочий стол\dfdfdfdf\.git\objects\be\2456d2aabeafeb8076447f628016891049c194.
2022-10-08 03:03:20.2172 INFO 12 thread - start copy C:\University\wt\.git\objects\be\d212b161d5f0421ded033733a3e790c643466c to C:\Users\yakov\OneDrive\Рабочий стол\dfdfdfdf\.git\objects\be\d212b161d5f0421ded033733a3e790c643466c.
2022-10-08 03:03:20.2172 INFO 14 thread - end copy C:\University\wt\.git\objects\bd\be527e6073f2452b4238219494fefeb0ffdb94 to C:\Users\yakov\OneDrive\Рабочий стол\dfdfdfdf\.git\objects\bd\be527e6073f2452b4238219494fefeb0ffdb94.
2022-10-08 03:03:20.2172 INFO 9 thread - start copy C:\University\wt\.git\objects\bf\d5a369ecb6c2ab0a97316916affcf51e55c550 to C:\Users\yakov\OneDrive\Рабочий стол\dfdfdfdf\.git\objects\bf\d5a369ecb6c2ab0a97316916affcf51e55c550.
2022-10-08 03:03:20.2172 INFO 13 thread - end copy C:\University\wt\.git\objects\be\2456d2aabeafeb8076447f628016891049c194 to C:\Users\yakov\OneDrive\Рабочий стол\dfdfdfdf\.git\objects\be\2456d2aabeafeb8076447f628016891049c194.
2022-10-08 03:03:20.2172 INFO 12 thread - end copy C:\University\wt\.git\objects\be\d212b161d5f0421ded033733a3e790c643466c to C:\Users\yakov\OneDrive\Рабочий стол\dfdfdfdf\.git\objects\be\d212b161d5f0421ded033733a3e790c643466c.
2022-10-08 03:03:20.2172 INFO 12 thread - start copy C:\University\wt\.git\objects\c6\de76986d70fe356d450aa7c61e6b39db8d92b6 to C:\Users\yakov\OneDrive\Рабочий стол\dfdfdfdf\.git\objects\c6\de76986d70fe356d450aa7c61e6b39db8d92b6.
2022-10-08 03:03:20.2172 INFO 18 thread - start copy C:\University\wt\.git\objects\c6\37559f34d0e7d6e291df6847bf6e9605fda8c8 to C:\Users\yakov\OneDrive\Рабочий стол\dfdfdfdf\.git\objects\c6\37559f34d0e7d6e291df6847bf6e9605fda8c8.
2022-10-08 03:03:20.2172 INFO 9 thread - end copy C:\University\wt\.git\objects\bf\d5a369ecb6c2ab0a97316916affcf51e55c550 to C:\Users\yakov\OneDrive\Рабочий стол\dfdfdfdf\.git\objects\bf\d5a369ecb6c2ab0a97316916affcf51e55c550.
2022-10-08 03:03:20.2172 INFO 9 thread - start copy C:\University\wt\.git\objects\c7\8cbbf8ed303f66e9c7a850ce9f2bf847ea3abd to C:\Users\yakov\OneDrive\Рабочий стол\dfdfdfdf\.git\objects\c7\8cbbf8ed303f66e9c7a850ce9f2bf847ea3abd.
2022-10-08 03:03:20.2172 INFO 12 thread - end copy C:\University\wt\.git\objects\c6\de76986d70fe356d450aa7c61e6b39db8d92b6 to C:\Users\yakov\OneDrive\Рабочий стол\dfdfdfdf\.git\objects\c6\de76986d70fe356d450aa7c61e6b39db8d92b6.
2022-10-08 03:03:20.2172 INFO 18 thread - end copy C:\University\wt\.git\objects\c6\37559f34d0e7d6e291df6847bf6e9605fda8c8 to C:\Users\yakov\OneDrive\Рабочий стол\dfdfdfdf\.git\objects\c6\37559f34d0e7d6e291df6847bf6e9605fda8c8.
2022-10-08 03:03:20.2172 INFO 16 thread - start copy C:\University\wt\.git\objects\c9\0834f2d607afe55e6104d8aa2cdfffb713f688 to C:\Users\yakov\OneDrive\Рабочий стол\dfdfdfdf\.git\objects\c9\0834f2d607afe55e6104d8aa2cdfffb713f688.
2022-10-08 03:03:20.2172 INFO 9 thread - end copy C:\University\wt\.git\objects\c7\8cbbf8ed303f66e9c7a850ce9f2bf847ea3abd to C:\Users\yakov\OneDrive\Рабочий стол\dfdfdfdf\.git\objects\c7\8cbbf8ed303f66e9c7a850ce9f2bf847ea3abd.
2022-10-08 03:03:20.2172 INFO 14 thread - start copy C:\University\wt\.git\objects\cc\0944e58071b540ce20c520bc6481deea27d0dc to C:\Users\yakov\OneDrive\Рабочий стол\dfdfdfdf\.git\objects\cc\0944e58071b540ce20c520bc6481deea27d0dc.
2022-10-08 03:03:20.2172 INFO 16 thread - end copy C:\University\wt\.git\objects\c9\0834f2d607afe55e6104d8aa2cdfffb713f688 to C:\Users\yakov\OneDrive\Рабочий стол\dfdfdfdf\.git\objects\c9\0834f2d607afe55e6104d8aa2cdfffb713f688.
2022-10-08 03:03:20.2172 INFO 9 thread - start copy C:\University\wt\.git\objects\cd\6a2b62a2e666fe50fcf90eef2e07883958c9f6 to C:\Users\yakov\OneDrive\Рабочий стол\dfdfdfdf\.git\objects\cd\6a2b62a2e666fe50fcf90eef2e07883958c9f6.
2022-10-08 03:03:20.2172 INFO 13 thread - start copy C:\University\wt\.git\objects\cd\7bc8e03c862a75eeca885c761aac5a3380e259 to C:\Users\yakov\OneDrive\Рабочий стол\dfdfdfdf\.git\objects\cd\7bc8e03c862a75eeca885c761aac5a3380e259.
2022-10-08 03:03:20.2172 INFO 14 thread - end copy C:\University\wt\.git\objects\cc\0944e58071b540ce20c520bc6481deea27d0dc to C:\Users\yakov\OneDrive\Рабочий стол\dfdfdfdf\.git\objects\cc\0944e58071b540ce20c520bc6481deea27d0dc.
2022-10-08 03:03:20.2172 INFO 11 thread - start copy C:\University\wt\.git\objects\d1\f453933d6962c50e0a3c693ba3bf95063f8093 to C:\Users\yakov\OneDrive\Рабочий стол\dfdfdfdf\.git\objects\d1\f453933d6962c50e0a3c693ba3bf95063f8093.
2022-10-08 03:03:20.2172 INFO 11 thread - end copy C:\University\wt\.git\objects\d1\f453933d6962c50e0a3c693ba3bf95063f8093 to C:\Users\yakov\OneDrive\Рабочий стол\dfdfdfdf\.git\objects\d1\f453933d6962c50e0a3c693ba3bf95063f8093.
2022-10-08 03:03:20.2172 INFO 15 thread - start copy C:\University\wt\.git\objects\d3\8fab4baf488f48a34be43fcaaf92a7986a9748 to C:\Users\yakov\OneDrive\Рабочий стол\dfdfdfdf\.git\objects\d3\8fab4baf488f48a34be43fcaaf92a7986a9748.
2022-10-08 03:03:20.2172 INFO 10 thread - start copy C:\University\wt\.git\objects\d7\5c18582231b7070a84b28867d9082bba24b7c0 to C:\Users\yakov\OneDrive\Рабочий стол\dfdfdfdf\.git\objects\d7\5c18582231b7070a84b28867d9082bba24b7c0.
2022-10-08 03:03:20.2172 INFO 15 thread - end copy C:\University\wt\.git\objects\d3\8fab4baf488f48a34be43fcaaf92a7986a9748 to C:\Users\yakov\OneDrive\Рабочий стол\dfdfdfdf\.git\objects\d3\8fab4baf488f48a34be43fcaaf92a7986a9748.
2022-10-08 03:03:20.2172 INFO 9 thread - end copy C:\University\wt\.git\objects\cd\6a2b62a2e666fe50fcf90eef2e07883958c9f6 to C:\Users\yakov\OneDrive\Рабочий стол\dfdfdfdf\.git\objects\cd\6a2b62a2e666fe50fcf90eef2e07883958c9f6.
2022-10-08 03:03:20.2172 INFO 13 thread - end copy C:\University\wt\.git\objects\cd\7bc8e03c862a75eeca885c761aac5a3380e259 to C:\Users\yakov\OneDrive\Рабочий стол\dfdfdfdf\.git\objects\cd\7bc8e03c862a75eeca885c761aac5a3380e259.
2022-10-08 03:03:20.2327 INFO 17 thread - start copy C:\University\wt\.git\objects\d8\d308b214ebe5dee65d30c02df0d26cf887d615 to C:\Users\yakov\OneDrive\Рабочий стол\dfdfdfdf\.git\objects\d8\d308b214ebe5dee65d30c02df0d26cf887d615.
2022-10-08 03:03:20.2327 INFO 18 thread - start copy C:\University\wt\.git\objects\d9\b153aedf5443ceb3f257089ec98feca2b5f707 to C:\Users\yakov\OneDrive\Рабочий стол\dfdfdfdf\.git\objects\d9\b153aedf5443ceb3f257089ec98feca2b5f707.
2022-10-08 03:03:20.2327 INFO 15 thread - start copy C:\University\wt\.git\objects\db\3aeaf4098cbf918ba0b0587bc2c655d4101574 to C:\Users\yakov\OneDrive\Рабочий стол\dfdfdfdf\.git\objects\db\3aeaf4098cbf918ba0b0587bc2c655d4101574.
2022-10-08 03:03:20.2327 INFO 18 thread - end copy C:\University\wt\.git\objects\d9\b153aedf5443ceb3f257089ec98feca2b5f707 to C:\Users\yakov\OneDrive\Рабочий стол\dfdfdfdf\.git\objects\d9\b153aedf5443ceb3f257089ec98feca2b5f707.
2022-10-08 03:03:20.2327 INFO 9 thread - start copy C:\University\wt\.git\objects\dc\7bdebf372d0ecae06af3cbdf10a6531e4324f2 to C:\Users\yakov\OneDrive\Рабочий стол\dfdfdfdf\.git\objects\dc\7bdebf372d0ecae06af3cbdf10a6531e4324f2.
2022-10-08 03:03:20.2327 INFO 15 thread - end copy C:\University\wt\.git\objects\db\3aeaf4098cbf918ba0b0587bc2c655d4101574 to C:\Users\yakov\OneDrive\Рабочий стол\dfdfdfdf\.git\objects\db\3aeaf4098cbf918ba0b0587bc2c655d4101574.
2022-10-08 03:03:20.2327 INFO 17 thread - end copy C:\University\wt\.git\objects\d8\d308b214ebe5dee65d30c02df0d26cf887d615 to C:\Users\yakov\OneDrive\Рабочий стол\dfdfdfdf\.git\objects\d8\d308b214ebe5dee65d30c02df0d26cf887d615.
2022-10-08 03:03:20.2327 INFO 14 thread - start copy C:\University\wt\.git\objects\dd\347b3c3fdd77da1dad6671bd0c53bc2f7dbeef to C:\Users\yakov\OneDrive\Рабочий стол\dfdfdfdf\.git\objects\dd\347b3c3fdd77da1dad6671bd0c53bc2f7dbeef.
2022-10-08 03:03:20.2327 INFO 9 thread - end copy C:\University\wt\.git\objects\dc\7bdebf372d0ecae06af3cbdf10a6531e4324f2 to C:\Users\yakov\OneDrive\Рабочий стол\dfdfdfdf\.git\objects\dc\7bdebf372d0ecae06af3cbdf10a6531e4324f2.
2022-10-08 03:03:20.2327 INFO 15 thread - start copy C:\University\wt\.git\objects\e0\844bc7be0a8ca77dcee74dfc4059ee4a9d4a1d to C:\Users\yakov\OneDrive\Рабочий стол\dfdfdfdf\.git\objects\e0\844bc7be0a8ca77dcee74dfc4059ee4a9d4a1d.
2022-10-08 03:03:20.2327 INFO 10 thread - end copy C:\University\wt\.git\objects\d7\5c18582231b7070a84b28867d9082bba24b7c0 to C:\Users\yakov\OneDrive\Рабочий стол\dfdfdfdf\.git\objects\d7\5c18582231b7070a84b28867d9082bba24b7c0.
2022-10-08 03:03:20.2327 INFO 18 thread - start copy C:\University\wt\.git\objects\e2\6dd737c03a999e16d66845b85c3e01d219b233 to C:\Users\yakov\OneDrive\Рабочий стол\dfdfdfdf\.git\objects\e2\6dd737c03a999e16d66845b85c3e01d219b233.
2022-10-08 03:03:20.2327 INFO 14 thread - end copy C:\University\wt\.git\objects\dd\347b3c3fdd77da1dad6671bd0c53bc2f7dbeef to C:\Users\yakov\OneDrive\Рабочий стол\dfdfdfdf\.git\objects\dd\347b3c3fdd77da1dad6671bd0c53bc2f7dbeef.
2022-10-08 03:03:20.2327 INFO 18 thread - end copy C:\University\wt\.git\objects\e2\6dd737c03a999e16d66845b85c3e01d219b233 to C:\Users\yakov\OneDrive\Рабочий стол\dfdfdfdf\.git\objects\e2\6dd737c03a999e16d66845b85c3e01d219b233.
2022-10-08 03:03:20.2327 INFO 9 thread - start copy C:\University\wt\.git\objects\e5\3097e219199848c84b4fdc8a9f1727af729320 to C:\Users\yakov\OneDrive\Рабочий стол\dfdfdfdf\.git\objects\e5\3097e219199848c84b4fdc8a9f1727af729320.
2022-10-08 03:03:20.2327 INFO 9 thread - end copy C:\University\wt\.git\objects\e5\3097e219199848c84b4fdc8a9f1727af729320 to C:\Users\yakov\OneDrive\Рабочий стол\dfdfdfdf\.git\objects\e5\3097e219199848c84b4fdc8a9f1727af729320.
2022-10-08 03:03:20.2327 INFO 14 thread - start copy C:\University\wt\.git\objects\e8\7837378f977ed37da7c22bd07665720c0d6828 to C:\Users\yakov\OneDrive\Рабочий стол\dfdfdfdf\.git\objects\e8\7837378f977ed37da7c22bd07665720c0d6828.
2022-10-08 03:03:20.2327 INFO 15 thread - end copy C:\University\wt\.git\objects\e0\844bc7be0a8ca77dcee74dfc4059ee4a9d4a1d to C:\Users\yakov\OneDrive\Рабочий стол\dfdfdfdf\.git\objects\e0\844bc7be0a8ca77dcee74dfc4059ee4a9d4a1d.
2022-10-08 03:03:20.2327 INFO 14 thread - end copy C:\University\wt\.git\objects\e8\7837378f977ed37da7c22bd07665720c0d6828 to C:\Users\yakov\OneDrive\Рабочий стол\dfdfdfdf\.git\objects\e8\7837378f977ed37da7c22bd07665720c0d6828.
2022-10-08 03:03:20.2327 INFO 10 thread - start copy C:\University\wt\.git\objects\ea\f1c5dd389a75fe78deb69fe271761f0c8b9ed7 to C:\Users\yakov\OneDrive\Рабочий стол\dfdfdfdf\.git\objects\ea\f1c5dd389a75fe78deb69fe271761f0c8b9ed7.
2022-10-08 03:03:20.2327 INFO 10 thread - end copy C:\University\wt\.git\objects\ea\f1c5dd389a75fe78deb69fe271761f0c8b9ed7 to C:\Users\yakov\OneDrive\Рабочий стол\dfdfdfdf\.git\objects\ea\f1c5dd389a75fe78deb69fe271761f0c8b9ed7.
2022-10-08 03:03:20.2327 INFO 14 thread - start copy C:\University\wt\.git\objects\eb\8f2f17ea06b87b11798f4a42a58c4144edc746 to C:\Users\yakov\OneDrive\Рабочий стол\dfdfdfdf\.git\objects\eb\8f2f17ea06b87b11798f4a42a58c4144edc746.
2022-10-08 03:03:20.2327 INFO 9 thread - start copy C:\University\wt\.git\objects\ec\ee461966d31cebc063620d85c231eba5b0a3a2 to C:\Users\yakov\OneDrive\Рабочий стол\dfdfdfdf\.git\objects\ec\ee461966d31cebc063620d85c231eba5b0a3a2.
2022-10-08 03:03:20.2327 INFO 14 thread - end copy C:\University\wt\.git\objects\eb\8f2f17ea06b87b11798f4a42a58c4144edc746 to C:\Users\yakov\OneDrive\Рабочий стол\dfdfdfdf\.git\objects\eb\8f2f17ea06b87b11798f4a42a58c4144edc746.
2022-10-08 03:03:20.2327 INFO 11 thread - start copy C:\University\wt\.git\objects\ef\42be161da20832627bc57b8d4beecb27b96196 to C:\Users\yakov\OneDrive\Рабочий стол\dfdfdfdf\.git\objects\ef\42be161da20832627bc57b8d4beecb27b96196.
2022-10-08 03:03:20.2327 INFO 9 thread - end copy C:\University\wt\.git\objects\ec\ee461966d31cebc063620d85c231eba5b0a3a2 to C:\Users\yakov\OneDrive\Рабочий стол\dfdfdfdf\.git\objects\ec\ee461966d31cebc063620d85c231eba5b0a3a2.
2022-10-08 03:03:20.2327 INFO 11 thread - end copy C:\University\wt\.git\objects\ef\42be161da20832627bc57b8d4beecb27b96196 to C:\Users\yakov\OneDrive\Рабочий стол\dfdfdfdf\.git\objects\ef\42be161da20832627bc57b8d4beecb27b96196.
2022-10-08 03:03:20.2327 INFO 15 thread - start copy C:\University\wt\.git\objects\f1\5c617debdf85a41b66394211ad9c9733c5d448 to C:\Users\yakov\OneDrive\Рабочий стол\dfdfdfdf\.git\objects\f1\5c617debdf85a41b66394211ad9c9733c5d448.
2022-10-08 03:03:20.2327 INFO 14 thread - start copy C:\University\wt\.git\objects\f5\5d20eb60d20ebf1dcbee6d9f086d28f8c6f268 to C:\Users\yakov\OneDrive\Рабочий стол\dfdfdfdf\.git\objects\f5\5d20eb60d20ebf1dcbee6d9f086d28f8c6f268.
2022-10-08 03:03:20.2327 INFO 17 thread - start copy C:\University\wt\.git\objects\f7\f5daeb23ab9bdd9518ca421a216aaa6839343c to C:\Users\yakov\OneDrive\Рабочий стол\dfdfdfdf\.git\objects\f7\f5daeb23ab9bdd9518ca421a216aaa6839343c.
2022-10-08 03:03:20.2327 INFO 14 thread - end copy C:\University\wt\.git\objects\f5\5d20eb60d20ebf1dcbee6d9f086d28f8c6f268 to C:\Users\yakov\OneDrive\Рабочий стол\dfdfdfdf\.git\objects\f5\5d20eb60d20ebf1dcbee6d9f086d28f8c6f268.
2022-10-08 03:03:20.2327 INFO 15 thread - end copy C:\University\wt\.git\objects\f1\5c617debdf85a41b66394211ad9c9733c5d448 to C:\Users\yakov\OneDrive\Рабочий стол\dfdfdfdf\.git\objects\f1\5c617debdf85a41b66394211ad9c9733c5d448.
2022-10-08 03:03:20.2327 INFO 15 thread - start copy C:\University\wt\.git\objects\f8\f4309a5734ab0aae25974082f93b6e8617e107 to C:\Users\yakov\OneDrive\Рабочий стол\dfdfdfdf\.git\objects\f8\f4309a5734ab0aae25974082f93b6e8617e107.
2022-10-08 03:03:20.2327 INFO 16 thread - start copy C:\University\wt\.git\objects\f8\b070931d0566ed18c97568f151cb73aba364bc to C:\Users\yakov\OneDrive\Рабочий стол\dfdfdfdf\.git\objects\f8\b070931d0566ed18c97568f151cb73aba364bc.
2022-10-08 03:03:20.2327 INFO 12 thread - start copy C:\University\wt\.git\objects\f8\c170854ce20c4d0e6dfc6e8089ead870a463d7 to C:\Users\yakov\OneDrive\Рабочий стол\dfdfdfdf\.git\objects\f8\c170854ce20c4d0e6dfc6e8089ead870a463d7.
2022-10-08 03:03:20.2327 INFO 17 thread - end copy C:\University\wt\.git\objects\f7\f5daeb23ab9bdd9518ca421a216aaa6839343c to C:\Users\yakov\OneDrive\Рабочий стол\dfdfdfdf\.git\objects\f7\f5daeb23ab9bdd9518ca421a216aaa6839343c.
2022-10-08 03:03:20.2327 INFO 10 thread - start copy C:\University\wt\.git\objects\fa\9422247df27af050f1e557912d1d9661dbbe9c to C:\Users\yakov\OneDrive\Рабочий стол\dfdfdfdf\.git\objects\fa\9422247df27af050f1e557912d1d9661dbbe9c.
2022-10-08 03:03:20.2327 INFO 15 thread - end copy C:\University\wt\.git\objects\f8\f4309a5734ab0aae25974082f93b6e8617e107 to C:\Users\yakov\OneDrive\Рабочий стол\dfdfdfdf\.git\objects\f8\f4309a5734ab0aae25974082f93b6e8617e107.
2022-10-08 03:03:20.2327 INFO 17 thread - start copy C:\University\wt\.git\objects\fb\a1df3a512bb4f6a22b5b19c740fe0761b63c16 to C:\Users\yakov\OneDrive\Рабочий стол\dfdfdfdf\.git\objects\fb\a1df3a512bb4f6a22b5b19c740fe0761b63c16.
2022-10-08 03:03:20.2327 INFO 12 thread - end copy C:\University\wt\.git\objects\f8\c170854ce20c4d0e6dfc6e8089ead870a463d7 to C:\Users\yakov\OneDrive\Рабочий стол\dfdfdfdf\.git\objects\f8\c170854ce20c4d0e6dfc6e8089ead870a463d7.
2022-10-08 03:03:20.2327 INFO 10 thread - end copy C:\University\wt\.git\objects\fa\9422247df27af050f1e557912d1d9661dbbe9c to C:\Users\yakov\OneDrive\Рабочий стол\dfdfdfdf\.git\objects\fa\9422247df27af050f1e557912d1d9661dbbe9c.
2022-10-08 03:03:20.2327 INFO 16 thread - end copy C:\University\wt\.git\objects\f8\b070931d0566ed18c97568f151cb73aba364bc to C:\Users\yakov\OneDrive\Рабочий стол\dfdfdfdf\.git\objects\f8\b070931d0566ed18c97568f151cb73aba364bc.
2022-10-08 03:03:20.2327 INFO 10 thread - start copy C:\University\wt\.git\objects\fd\f9e2cd49515f8024258f55afd272cfd99ebd8c to C:\Users\yakov\OneDrive\Рабочий стол\dfdfdfdf\.git\objects\fd\f9e2cd49515f8024258f55afd272cfd99ebd8c.
2022-10-08 03:03:20.2327 INFO 17 thread - end copy C:\University\wt\.git\objects\fb\a1df3a512bb4f6a22b5b19c740fe0761b63c16 to C:\Users\yakov\OneDrive\Рабочий стол\dfdfdfdf\.git\objects\fb\a1df3a512bb4f6a22b5b19c740fe0761b63c16.
2022-10-08 03:03:20.2327 INFO 10 thread - end copy C:\University\wt\.git\objects\fd\f9e2cd49515f8024258f55afd272cfd99ebd8c to C:\Users\yakov\OneDrive\Рабочий стол\dfdfdfdf\.git\objects\fd\f9e2cd49515f8024258f55afd272cfd99ebd8c.
2022-10-08 03:03:20.2327 INFO 18 thread - start copy C:\University\wt\.git\refs\heads\master to C:\Users\yakov\OneDrive\Рабочий стол\dfdfdfdf\.git\refs\heads\master.
2022-10-08 03:03:20.2327 INFO 18 thread - end copy C:\University\wt\.git\refs\heads\master to C:\Users\yakov\OneDrive\Рабочий стол\dfdfdfdf\.git\refs\heads\master.
2022-10-08 03:03:20.2327 INFO 14 thread - start copy C:\University\wt\.git\refs\remotes\origin\master to C:\Users\yakov\OneDrive\Рабочий стол\dfdfdfdf\.git\refs\remotes\origin\master.
2022-10-08 03:03:20.2327 INFO 14 thread - end copy C:\University\wt\.git\refs\remotes\origin\master to C:\Users\yakov\OneDrive\Рабочий стол\dfdfdfdf\.git\refs\remotes\origin\master.
2022-10-08 03:03:20.2327 INFO 16 thread - start copy C:\University\wt\Lab1\.gitignore to C:\Users\yakov\OneDrive\Рабочий стол\dfdfdfdf\Lab1\.gitignore.
2022-10-08 03:03:20.2327 INFO 15 thread - start copy C:\University\wt\Lab1\Lab1.iml to C:\Users\yakov\OneDrive\Рабочий стол\dfdfdfdf\Lab1\Lab1.iml.
2022-10-08 03:03:20.2487 INFO 18 thread - start copy C:\University\wt\Lab1\.idea\vcs.xml to C:\Users\yakov\OneDrive\Рабочий стол\dfdfdfdf\Lab1\.idea\vcs.xml.
2022-10-08 03:03:20.2487 INFO 17 thread - start copy C:\University\wt\Lab1\.idea\.gitignore to C:\Users\yakov\OneDrive\Рабочий стол\dfdfdfdf\Lab1\.idea\.gitignore.
2022-10-08 03:03:20.2487 INFO 10 thread - start copy C:\University\wt\Lab1\.idea\modules.xml to C:\Users\yakov\OneDrive\Рабочий стол\dfdfdfdf\Lab1\.idea\modules.xml.
2022-10-08 03:03:20.2487 INFO 14 thread - start copy C:\University\wt\Lab1\.idea\misc.xml to C:\Users\yakov\OneDrive\Рабочий стол\dfdfdfdf\Lab1\.idea\misc.xml.
2022-10-08 03:03:20.2487 INFO 9 thread - start copy C:\University\wt\Lab1\.idea\workspace.xml to C:\Users\yakov\OneDrive\Рабочий стол\dfdfdfdf\Lab1\.idea\workspace.xml.
2022-10-08 03:03:20.2487 INFO 16 thread - end copy C:\University\wt\Lab1\.gitignore to C:\Users\yakov\OneDrive\Рабочий стол\dfdfdfdf\Lab1\.gitignore.
2022-10-08 03:03:20.2487 INFO 15 thread - end copy C:\University\wt\Lab1\Lab1.iml to C:\Users\yakov\OneDrive\Рабочий стол\dfdfdfdf\Lab1\Lab1.iml.
2022-10-08 03:03:20.2487 INFO 12 thread - start copy C:\University\wt\Lab1\.idea\artifacts\Lab1_jar.xml to C:\Users\yakov\OneDrive\Рабочий стол\dfdfdfdf\Lab1\.idea\artifacts\Lab1_jar.xml.
2022-10-08 03:03:20.2487 INFO 12 thread - end copy C:\University\wt\Lab1\.idea\artifacts\Lab1_jar.xml to C:\Users\yakov\OneDrive\Рабочий стол\dfdfdfdf\Lab1\.idea\artifacts\Lab1_jar.xml.
2022-10-08 03:03:20.2487 INFO 18 thread - end copy C:\University\wt\Lab1\.idea\vcs.xml to C:\Users\yakov\OneDrive\Рабочий стол\dfdfdfdf\Lab1\.idea\vcs.xml.
2022-10-08 03:03:20.2487 INFO 17 thread - end copy C:\University\wt\Lab1\.idea\.gitignore to C:\Users\yakov\OneDrive\Рабочий стол\dfdfdfdf\Lab1\.idea\.gitignore.
2022-10-08 03:03:20.2487 INFO 10 thread - end copy C:\University\wt\Lab1\.idea\modules.xml to C:\Users\yakov\OneDrive\Рабочий стол\dfdfdfdf\Lab1\.idea\modules.xml.
2022-10-08 03:03:20.2487 INFO 18 thread - start copy C:\University\wt\Lab1\.idea\codeStyles\Project.xml to C:\Users\yakov\OneDrive\Рабочий стол\dfdfdfdf\Lab1\.idea\codeStyles\Project.xml.
2022-10-08 03:03:20.2487 INFO 13 thread - start copy C:\University\wt\Lab1\.idea\codeStyles\codeStyleConfig.xml to C:\Users\yakov\OneDrive\Рабочий стол\dfdfdfdf\Lab1\.idea\codeStyles\codeStyleConfig.xml.
2022-10-08 03:03:20.2487 INFO 9 thread - end copy C:\University\wt\Lab1\.idea\workspace.xml to C:\Users\yakov\OneDrive\Рабочий стол\dfdfdfdf\Lab1\.idea\workspace.xml.
2022-10-08 03:03:20.2487 INFO 14 thread - end copy C:\University\wt\Lab1\.idea\misc.xml to C:\Users\yakov\OneDrive\Рабочий стол\dfdfdfdf\Lab1\.idea\misc.xml.
2022-10-08 03:03:20.2487 INFO 18 thread - end copy C:\University\wt\Lab1\.idea\codeStyles\Project.xml to C:\Users\yakov\OneDrive\Рабочий стол\dfdfdfdf\Lab1\.idea\codeStyles\Project.xml.
2022-10-08 03:03:20.2487 INFO 13 thread - end copy C:\University\wt\Lab1\.idea\codeStyles\codeStyleConfig.xml to C:\Users\yakov\OneDrive\Рабочий стол\dfdfdfdf\Lab1\.idea\codeStyles\codeStyleConfig.xml.
2022-10-08 03:03:20.2487 INFO 14 thread - start copy C:\University\wt\Lab1\out\artifacts\Lab1_jar\Lab1.jar to C:\Users\yakov\OneDrive\Рабочий стол\dfdfdfdf\Lab1\out\artifacts\Lab1_jar\Lab1.jar.
2022-10-08 03:03:20.2487 INFO 14 thread - end copy C:\University\wt\Lab1\out\artifacts\Lab1_jar\Lab1.jar to C:\Users\yakov\OneDrive\Рабочий стол\dfdfdfdf\Lab1\out\artifacts\Lab1_jar\Lab1.jar.
2022-10-08 03:03:20.2487 INFO 14 thread - start copy C:\University\wt\Lab1\out\production\Lab1\IOServices\Reader\Implement\ConsoleReader.class to C:\Users\yakov\OneDrive\Рабочий стол\dfdfdfdf\Lab1\out\production\Lab1\IOServices\Reader\Implement\ConsoleReader.class.
2022-10-08 03:03:20.2487 INFO 11 thread - start copy C:\University\wt\Lab1\out\production\Lab1\IOServices\Reader\Interface\Reader.class to C:\Users\yakov\OneDrive\Рабочий стол\dfdfdfdf\Lab1\out\production\Lab1\IOServices\Reader\Interface\Reader.class.
2022-10-08 03:03:20.2487 INFO 14 thread - end copy C:\University\wt\Lab1\out\production\Lab1\IOServices\Reader\Implement\ConsoleReader.class to C:\Users\yakov\OneDrive\Рабочий стол\dfdfdfdf\Lab1\out\production\Lab1\IOServices\Reader\Implement\ConsoleReader.class.
2022-10-08 03:03:20.2487 INFO 11 thread - end copy C:\University\wt\Lab1\out\production\Lab1\IOServices\Reader\Interface\Reader.class to C:\Users\yakov\OneDrive\Рабочий стол\dfdfdfdf\Lab1\out\production\Lab1\IOServices\Reader\Interface\Reader.class.
2022-10-08 03:03:20.2487 INFO 14 thread - start copy C:\University\wt\Lab1\out\production\Lab1\IOServices\Writer\Implement\ConsoleWriter.class to C:\Users\yakov\OneDrive\Рабочий стол\dfdfdfdf\Lab1\out\production\Lab1\IOServices\Writer\Implement\ConsoleWriter.class.
2022-10-08 03:03:20.2487 INFO 9 thread - start copy C:\University\wt\Lab1\out\production\Lab1\IOServices\Writer\Interface\Writer.class to C:\Users\yakov\OneDrive\Рабочий стол\dfdfdfdf\Lab1\out\production\Lab1\IOServices\Writer\Interface\Writer.class.
2022-10-08 03:03:20.2487 INFO 14 thread - end copy C:\University\wt\Lab1\out\production\Lab1\IOServices\Writer\Implement\ConsoleWriter.class to C:\Users\yakov\OneDrive\Рабочий стол\dfdfdfdf\Lab1\out\production\Lab1\IOServices\Writer\Implement\ConsoleWriter.class.
2022-10-08 03:03:20.2487 INFO 18 thread - start copy C:\University\wt\Lab1\out\production\Lab1\META-INF\MANIFEST.MF to C:\Users\yakov\OneDrive\Рабочий стол\dfdfdfdf\Lab1\out\production\Lab1\META-INF\MANIFEST.MF.
2022-10-08 03:03:20.2487 INFO 9 thread - end copy C:\University\wt\Lab1\out\production\Lab1\IOServices\Writer\Interface\Writer.class to C:\Users\yakov\OneDrive\Рабочий стол\dfdfdfdf\Lab1\out\production\Lab1\IOServices\Writer\Interface\Writer.class.
2022-10-08 03:03:20.2487 INFO 18 thread - end copy C:\University\wt\Lab1\out\production\Lab1\META-INF\MANIFEST.MF to C:\Users\yakov\OneDrive\Рабочий стол\dfdfdfdf\Lab1\out\production\Lab1\META-INF\MANIFEST.MF.
2022-10-08 03:03:20.2487 INFO 10 thread - start copy C:\University\wt\Lab1\out\production\Lab1\Task1\Main.class to C:\Users\yakov\OneDrive\Рабочий стол\dfdfdfdf\Lab1\out\production\Lab1\Task1\Main.class.
2022-10-08 03:03:20.2487 INFO 17 thread - start copy C:\University\wt\Lab1\out\production\Lab1\Task1\Math\FunctionSolver.class to C:\Users\yakov\OneDrive\Рабочий стол\dfdfdfdf\Lab1\out\production\Lab1\Task1\Math\FunctionSolver.class.
2022-10-08 03:03:20.2487 INFO 10 thread - end copy C:\University\wt\Lab1\out\production\Lab1\Task1\Main.class to C:\Users\yakov\OneDrive\Рабочий стол\dfdfdfdf\Lab1\out\production\Lab1\Task1\Main.class.
2022-10-08 03:03:20.2487 INFO 11 thread - start copy C:\University\wt\Lab1\out\production\Lab1\Task12\ProgrammerBook.class to C:\Users\yakov\OneDrive\Рабочий стол\dfdfdfdf\Lab1\out\production\Lab1\Task12\ProgrammerBook.class.
2022-10-08 03:03:20.2487 INFO 9 thread - start copy C:\University\wt\Lab1\out\production\Lab1\Task12\Book.class to C:\Users\yakov\OneDrive\Рабочий стол\dfdfdfdf\Lab1\out\production\Lab1\Task12\Book.class.
2022-10-08 03:03:20.2487 INFO 14 thread - start copy C:\University\wt\Lab1\out\production\Lab1\Task12\Comparators\SortByName.class to C:\Users\yakov\OneDrive\Рабочий стол\dfdfdfdf\Lab1\out\production\Lab1\Task12\Comparators\SortByName.class.
2022-10-08 03:03:20.2487 INFO 13 thread - start copy C:\University\wt\Lab1\out\production\Lab1\Task12\Comparators\SortByAuthorThenName.class to C:\Users\yakov\OneDrive\Рабочий стол\dfdfdfdf\Lab1\out\production\Lab1\Task12\Comparators\SortByAuthorThenName.class.
2022-10-08 03:03:20.2487 INFO 18 thread - start copy C:\University\wt\Lab1\out\production\Lab1\Task12\Comparators\SortByAuthorThenNamePrice.class to C:\Users\yakov\OneDrive\Рабочий стол\dfdfdfdf\Lab1\out\production\Lab1\Task12\Comparators\SortByAuthorThenNamePrice.class.
2022-10-08 03:03:20.2487 INFO 10 thread - start copy C:\University\wt\Lab1\out\production\Lab1\Task12\Comparators\SortByNameThenAuthor.class to C:\Users\yakov\OneDrive\Рабочий стол\dfdfdfdf\Lab1\out\production\Lab1\Task12\Comparators\SortByNameThenAuthor.class.
2022-10-08 03:03:20.2487 INFO 9 thread - end copy C:\University\wt\Lab1\out\production\Lab1\Task12\Book.class to C:\Users\yakov\OneDrive\Рабочий стол\dfdfdfdf\Lab1\out\production\Lab1\Task12\Book.class.
2022-10-08 03:03:20.2487 INFO 17 thread - end copy C:\University\wt\Lab1\out\production\Lab1\Task1\Math\FunctionSolver.class to C:\Users\yakov\OneDrive\Рабочий стол\dfdfdfdf\Lab1\out\production\Lab1\Task1\Math\FunctionSolver.class.
2022-10-08 03:03:20.2487 INFO 15 thread - start copy C:\University\wt\Lab1\out\production\Lab1\Task2\Main.class to C:\Users\yakov\OneDrive\Рабочий стол\dfdfdfdf\Lab1\out\production\Lab1\Task2\Main.class.
2022-10-08 03:03:20.2487 INFO 11 thread - end copy C:\University\wt\Lab1\out\production\Lab1\Task12\ProgrammerBook.class to C:\Users\yakov\OneDrive\Рабочий стол\dfdfdfdf\Lab1\out\production\Lab1\Task12\ProgrammerBook.class.
2022-10-08 03:03:20.2487 INFO 14 thread - end copy C:\University\wt\Lab1\out\production\Lab1\Task12\Comparators\SortByName.class to C:\Users\yakov\OneDrive\Рабочий стол\dfdfdfdf\Lab1\out\production\Lab1\Task12\Comparators\SortByName.class.
2022-10-08 03:03:20.2487 INFO 9 thread - start copy C:\University\wt\Lab1\out\production\Lab1\Task2\Implement\FullArea.class to C:\Users\yakov\OneDrive\Рабочий стол\dfdfdfdf\Lab1\out\production\Lab1\Task2\Implement\FullArea.class.
2022-10-08 03:03:20.2487 INFO 16 thread - start copy C:\University\wt\Lab1\out\production\Lab1\Task2\Implement\RectangleArea.class to C:\Users\yakov\OneDrive\Рабочий стол\dfdfdfdf\Lab1\out\production\Lab1\Task2\Implement\RectangleArea.class.
2022-10-08 03:03:20.2487 INFO 15 thread - end copy C:\University\wt\Lab1\out\production\Lab1\Task2\Main.class to C:\Users\yakov\OneDrive\Рабочий стол\dfdfdfdf\Lab1\out\production\Lab1\Task2\Main.class.
2022-10-08 03:03:20.2487 INFO 18 thread - end copy C:\University\wt\Lab1\out\production\Lab1\Task12\Comparators\SortByAuthorThenNamePrice.class to C:\Users\yakov\OneDrive\Рабочий стол\dfdfdfdf\Lab1\out\production\Lab1\Task12\Comparators\SortByAuthorThenNamePrice.class.
2022-10-08 03:03:20.2487 INFO 11 thread - start copy C:\University\wt\Lab1\out\production\Lab1\Task2\Interface\Area.class to C:\Users\yakov\OneDrive\Рабочий стол\dfdfdfdf\Lab1\out\production\Lab1\Task2\Interface\Area.class.
2022-10-08 03:03:20.2487 INFO 9 thread - end copy C:\University\wt\Lab1\out\production\Lab1\Task2\Implement\FullArea.class to C:\Users\yakov\OneDrive\Рабочий стол\dfdfdfdf\Lab1\out\production\Lab1\Task2\Implement\FullArea.class.
2022-10-08 03:03:20.2487 INFO 13 thread - end copy C:\University\wt\Lab1\out\production\Lab1\Task12\Comparators\SortByAuthorThenName.class to C:\Users\yakov\OneDrive\Рабочий стол\dfdfdfdf\Lab1\out\production\Lab1\Task12\Comparators\SortByAuthorThenName.class.
2022-10-08 03:03:20.2487 INFO 10 thread - end copy C:\University\wt\Lab1\out\production\Lab1\Task12\Comparators\SortByNameThenAuthor.class to C:\Users\yakov\OneDrive\Рабочий стол\dfdfdfdf\Lab1\out\production\Lab1\Task12\Comparators\SortByNameThenAuthor.class.
2022-10-08 03:03:20.2487 INFO 11 thread - end copy C:\University\wt\Lab1\out\production\Lab1\Task2\Interface\Area.class to C:\Users\yakov\OneDrive\Рабочий стол\dfdfdfdf\Lab1\out\production\Lab1\Task2\Interface\Area.class.
2022-10-08 03:03:20.2487 INFO 15 thread - start copy C:\University\wt\Lab1\out\production\Lab1\Task3\Main.class to C:\Users\yakov\OneDrive\Рабочий стол\dfdfdfdf\Lab1\out\production\Lab1\Task3\Main.class.
2022-10-08 03:03:20.2487 INFO 17 thread - start copy C:\University\wt\Lab1\out\production\Lab1\Task3\Calculator\TaskCalculator.class to C:\Users\yakov\OneDrive\Рабочий стол\dfdfdfdf\Lab1\out\production\Lab1\Task3\Calculator\TaskCalculator.class.
2022-10-08 03:03:20.2636 INFO 16 thread - end copy C:\University\wt\Lab1\out\production\Lab1\Task2\Implement\RectangleArea.class to C:\Users\yakov\OneDrive\Рабочий стол\dfdfdfdf\Lab1\out\production\Lab1\Task2\Implement\RectangleArea.class.
2022-10-08 03:03:20.2636 INFO 15 thread - end copy C:\University\wt\Lab1\out\production\Lab1\Task3\Main.class to C:\Users\yakov\OneDrive\Рабочий стол\dfdfdfdf\Lab1\out\production\Lab1\Task3\Main.class.
2022-10-08 03:03:20.2636 INFO 9 thread - start copy C:\University\wt\Lab1\out\production\Lab1\Task3\DoubleIterator\DoubleIterator.class to C:\Users\yakov\OneDrive\Рабочий стол\dfdfdfdf\Lab1\out\production\Lab1\Task3\DoubleIterator\DoubleIterator.class.
2022-10-08 03:03:20.2636 INFO 10 thread - start copy C:\University\wt\Lab1\out\production\Lab1\Task4\Main.class to C:\Users\yakov\OneDrive\Рабочий стол\dfdfdfdf\Lab1\out\production\Lab1\Task4\Main.class.
2022-10-08 03:03:20.2636 INFO 18 thread - start copy C:\University\wt\Lab1\out\production\Lab1\Task5\Main.class to C:\Users\yakov\OneDrive\Рабочий стол\dfdfdfdf\Lab1\out\production\Lab1\Task5\Main.class.
2022-10-08 03:03:20.2636 INFO 11 thread - start copy C:\University\wt\Lab1\out\production\Lab1\Task6\Main.class to C:\Users\yakov\OneDrive\Рабочий стол\dfdfdfdf\Lab1\out\production\Lab1\Task6\Main.class.
2022-10-08 03:03:20.2636 INFO 10 thread - end copy C:\University\wt\Lab1\out\production\Lab1\Task4\Main.class to C:\Users\yakov\OneDrive\Рабочий стол\dfdfdfdf\Lab1\out\production\Lab1\Task4\Main.class.
2022-10-08 03:03:20.2636 INFO 16 thread - start copy C:\University\wt\Lab1\out\production\Lab1\Task6\ArrayTransformer.class to C:\Users\yakov\OneDrive\Рабочий стол\dfdfdfdf\Lab1\out\production\Lab1\Task6\ArrayTransformer.class.
2022-10-08 03:03:20.2636 INFO 18 thread - end copy C:\University\wt\Lab1\out\production\Lab1\Task5\Main.class to C:\Users\yakov\OneDrive\Рабочий стол\dfdfdfdf\Lab1\out\production\Lab1\Task5\Main.class.
2022-10-08 03:03:20.2636 INFO 17 thread - end copy C:\University\wt\Lab1\out\production\Lab1\Task3\Calculator\TaskCalculator.class to C:\Users\yakov\OneDrive\Рабочий стол\dfdfdfdf\Lab1\out\production\Lab1\Task3\Calculator\TaskCalculator.class.
2022-10-08 03:03:20.2636 INFO 17 thread - start copy C:\University\wt\Lab1\out\production\Lab1\Task7\Main.class to C:\Users\yakov\OneDrive\Рабочий стол\dfdfdfdf\Lab1\out\production\Lab1\Task7\Main.class.
2022-10-08 03:03:20.2636 INFO 14 thread - start copy C:\University\wt\Lab1\out\production\Lab1\Task7\ShellSort.class to C:\Users\yakov\OneDrive\Рабочий стол\dfdfdfdf\Lab1\out\production\Lab1\Task7\ShellSort.class.
2022-10-08 03:03:20.2636 INFO 9 thread - end copy C:\University\wt\Lab1\out\production\Lab1\Task3\DoubleIterator\DoubleIterator.class to C:\Users\yakov\OneDrive\Рабочий стол\dfdfdfdf\Lab1\out\production\Lab1\Task3\DoubleIterator\DoubleIterator.class.
2022-10-08 03:03:20.2636 INFO 16 thread - end copy C:\University\wt\Lab1\out\production\Lab1\Task6\ArrayTransformer.class to C:\Users\yakov\OneDrive\Рабочий стол\dfdfdfdf\Lab1\out\production\Lab1\Task6\ArrayTransformer.class.
2022-10-08 03:03:20.2636 INFO 18 thread - start copy C:\University\wt\Lab1\out\production\Lab1\Task8\SequenceHelper.class to C:\Users\yakov\OneDrive\Рабочий стол\dfdfdfdf\Lab1\out\production\Lab1\Task8\SequenceHelper.class.
2022-10-08 03:03:20.2636 INFO 11 thread - end copy C:\University\wt\Lab1\out\production\Lab1\Task6\Main.class to C:\Users\yakov\OneDrive\Рабочий стол\dfdfdfdf\Lab1\out\production\Lab1\Task6\Main.class.
2022-10-08 03:03:20.2636 INFO 15 thread - start copy C:\University\wt\Lab1\out\production\Lab1\Task8\Main.class to C:\Users\yakov\OneDrive\Рабочий стол\dfdfdfdf\Lab1\out\production\Lab1\Task8\Main.class.
2022-10-08 03:03:20.2636 INFO 16 thread - start copy C:\University\wt\Lab1\out\production\Lab1\Task9\Main.class to C:\Users\yakov\OneDrive\Рабочий стол\dfdfdfdf\Lab1\out\production\Lab1\Task9\Main.class.
2022-10-08 03:03:20.2636 INFO 14 thread - end copy C:\University\wt\Lab1\out\production\Lab1\Task7\ShellSort.class to C:\Users\yakov\OneDrive\Рабочий стол\dfdfdfdf\Lab1\out\production\Lab1\Task7\ShellSort.class.
2022-10-08 03:03:20.2636 INFO 17 thread - end copy C:\University\wt\Lab1\out\production\Lab1\Task7\Main.class to C:\Users\yakov\OneDrive\Рабочий стол\dfdfdfdf\Lab1\out\production\Lab1\Task7\Main.class.
2022-10-08 03:03:20.2636 INFO 18 thread - end copy C:\University\wt\Lab1\out\production\Lab1\Task8\SequenceHelper.class to C:\Users\yakov\OneDrive\Рабочий стол\dfdfdfdf\Lab1\out\production\Lab1\Task8\SequenceHelper.class.
2022-10-08 03:03:20.2636 INFO 15 thread - end copy C:\University\wt\Lab1\out\production\Lab1\Task8\Main.class to C:\Users\yakov\OneDrive\Рабочий стол\dfdfdfdf\Lab1\out\production\Lab1\Task8\Main.class.
2022-10-08 03:03:20.2636 INFO 16 thread - end copy C:\University\wt\Lab1\out\production\Lab1\Task9\Main.class to C:\Users\yakov\OneDrive\Рабочий стол\dfdfdfdf\Lab1\out\production\Lab1\Task9\Main.class.
2022-10-08 03:03:20.2636 INFO 15 thread - start copy C:\University\wt\Lab1\out\production\Lab1\Task9\Entities\Ball.class to C:\Users\yakov\OneDrive\Рабочий стол\dfdfdfdf\Lab1\out\production\Lab1\Task9\Entities\Ball.class.
2022-10-08 03:03:20.2636 INFO 13 thread - start copy C:\University\wt\Lab1\out\production\Lab1\Task9\Entities\Basket.class to C:\Users\yakov\OneDrive\Рабочий стол\dfdfdfdf\Lab1\out\production\Lab1\Task9\Entities\Basket.class.
2022-10-08 03:03:20.2636 INFO 17 thread - start copy C:\University\wt\Lab1\out\production\Lab1\Task9\Enums\Color.class to C:\Users\yakov\OneDrive\Рабочий стол\dfdfdfdf\Lab1\out\production\Lab1\Task9\Enums\Color.class.
2022-10-08 03:03:20.2636 INFO 13 thread - end copy C:\University\wt\Lab1\out\production\Lab1\Task9\Entities\Basket.class to C:\Users\yakov\OneDrive\Рабочий стол\dfdfdfdf\Lab1\out\production\Lab1\Task9\Entities\Basket.class.
2022-10-08 03:03:20.2636 INFO 15 thread - end copy C:\University\wt\Lab1\out\production\Lab1\Task9\Entities\Ball.class to C:\Users\yakov\OneDrive\Рабочий стол\dfdfdfdf\Lab1\out\production\Lab1\Task9\Entities\Ball.class.
2022-10-08 03:03:20.2636 INFO 18 thread - start copy C:\University\wt\Lab1\out\production\Lab1\Task9\Interface\Colorable.class to C:\Users\yakov\OneDrive\Рабочий стол\dfdfdfdf\Lab1\out\production\Lab1\Task9\Interface\Colorable.class.
2022-10-08 03:03:20.2636 INFO 17 thread - end copy C:\University\wt\Lab1\out\production\Lab1\Task9\Enums\Color.class to C:\Users\yakov\OneDrive\Рабочий стол\dfdfdfdf\Lab1\out\production\Lab1\Task9\Enums\Color.class.
2022-10-08 03:03:20.2636 INFO 9 thread - start copy C:\University\wt\Lab1\out\production\Lab1\Task9\Interface\Weightable.class to C:\Users\yakov\OneDrive\Рабочий стол\dfdfdfdf\Lab1\out\production\Lab1\Task9\Interface\Weightable.class.
2022-10-08 03:03:20.2636 INFO 18 thread - end copy C:\University\wt\Lab1\out\production\Lab1\Task9\Interface\Colorable.class to C:\Users\yakov\OneDrive\Рабочий стол\dfdfdfdf\Lab1\out\production\Lab1\Task9\Interface\Colorable.class.
2022-10-08 03:03:20.2636 INFO 9 thread - end copy C:\University\wt\Lab1\out\production\Lab1\Task9\Interface\Weightable.class to C:\Users\yakov\OneDrive\Рабочий стол\dfdfdfdf\Lab1\out\production\Lab1\Task9\Interface\Weightable.class.
2022-10-08 03:03:20.2636 INFO 9 thread - start copy C:\University\wt\Lab1\src\IOServices\Reader\Implement\ConsoleReader.java to C:\Users\yakov\OneDrive\Рабочий стол\dfdfdfdf\Lab1\src\IOServices\Reader\Implement\ConsoleReader.java.
2022-10-08 03:03:20.2636 INFO 9 thread - end copy C:\University\wt\Lab1\src\IOServices\Reader\Implement\ConsoleReader.java to C:\Users\yakov\OneDrive\Рабочий стол\dfdfdfdf\Lab1\src\IOServices\Reader\Implement\ConsoleReader.java.
2022-10-08 03:03:20.2636 INFO 15 thread - start copy C:\University\wt\Lab1\src\IOServices\Reader\Interface\Reader.java to C:\Users\yakov\OneDrive\Рабочий стол\dfdfdfdf\Lab1\src\IOServices\Reader\Interface\Reader.java.
2022-10-08 03:03:20.2636 INFO 15 thread - end copy C:\University\wt\Lab1\src\IOServices\Reader\Interface\Reader.java to C:\Users\yakov\OneDrive\Рабочий стол\dfdfdfdf\Lab1\src\IOServices\Reader\Interface\Reader.java.
2022-10-08 03:03:20.2636 INFO 16 thread - start copy C:\University\wt\Lab1\src\IOServices\Writer\Implement\ConsoleWriter.java to C:\Users\yakov\OneDrive\Рабочий стол\dfdfdfdf\Lab1\src\IOServices\Writer\Implement\ConsoleWriter.java.
2022-10-08 03:03:20.2636 INFO 9 thread - start copy C:\University\wt\Lab1\src\IOServices\Writer\Interface\Writer.java to C:\Users\yakov\OneDrive\Рабочий стол\dfdfdfdf\Lab1\src\IOServices\Writer\Interface\Writer.java.
2022-10-08 03:03:20.2636 INFO 16 thread - end copy C:\University\wt\Lab1\src\IOServices\Writer\Implement\ConsoleWriter.java to C:\Users\yakov\OneDrive\Рабочий стол\dfdfdfdf\Lab1\src\IOServices\Writer\Implement\ConsoleWriter.java.
2022-10-08 03:03:20.2636 INFO 17 thread - start copy C:\University\wt\Lab1\src\META-INF\MANIFEST.MF to C:\Users\yakov\OneDrive\Рабочий стол\dfdfdfdf\Lab1\src\META-INF\MANIFEST.MF.
2022-10-08 03:03:20.2636 INFO 9 thread - end copy C:\University\wt\Lab1\src\IOServices\Writer\Interface\Writer.java to C:\Users\yakov\OneDrive\Рабочий стол\dfdfdfdf\Lab1\src\IOServices\Writer\Interface\Writer.java.
2022-10-08 03:03:20.2636 INFO 18 thread - start copy C:\University\wt\Lab1\src\Task1\Main.java to C:\Users\yakov\OneDrive\Рабочий стол\dfdfdfdf\Lab1\src\Task1\Main.java.
2022-10-08 03:03:20.2636 INFO 17 thread - end copy C:\University\wt\Lab1\src\META-INF\MANIFEST.MF to C:\Users\yakov\OneDrive\Рабочий стол\dfdfdfdf\Lab1\src\META-INF\MANIFEST.MF.
2022-10-08 03:03:20.2636 INFO 18 thread - end copy C:\University\wt\Lab1\src\Task1\Main.java to C:\Users\yakov\OneDrive\Рабочий стол\dfdfdfdf\Lab1\src\Task1\Main.java.
2022-10-08 03:03:20.2636 INFO 15 thread - start copy C:\University\wt\Lab1\src\Task1\Math\FunctionSolver.java to C:\Users\yakov\OneDrive\Рабочий стол\dfdfdfdf\Lab1\src\Task1\Math\FunctionSolver.java.
2022-10-08 03:03:20.2636 INFO 17 thread - start copy C:\University\wt\Lab1\src\Task12\ProgrammerBook.java to C:\Users\yakov\OneDrive\Рабочий стол\dfdfdfdf\Lab1\src\Task12\ProgrammerBook.java.
2022-10-08 03:03:20.2636 INFO 16 thread - start copy C:\University\wt\Lab1\src\Task12\Book.java to C:\Users\yakov\OneDrive\Рабочий стол\dfdfdfdf\Lab1\src\Task12\Book.java.
2022-10-08 03:03:20.2636 INFO 15 thread - end copy C:\University\wt\Lab1\src\Task1\Math\FunctionSolver.java to C:\Users\yakov\OneDrive\Рабочий стол\dfdfdfdf\Lab1\src\Task1\Math\FunctionSolver.java.
2022-10-08 03:03:20.2636 INFO 17 thread - end copy C:\University\wt\Lab1\src\Task12\ProgrammerBook.java to C:\Users\yakov\OneDrive\Рабочий стол\dfdfdfdf\Lab1\src\Task12\ProgrammerBook.java.
2022-10-08 03:03:20.2636 INFO 16 thread - end copy C:\University\wt\Lab1\src\Task12\Book.java to C:\Users\yakov\OneDrive\Рабочий стол\dfdfdfdf\Lab1\src\Task12\Book.java.
2022-10-08 03:03:20.2636 INFO 17 thread - start copy C:\University\wt\Lab1\src\Task12\Comparators\SortByNameThenAuthor.java to C:\Users\yakov\OneDrive\Рабочий стол\dfdfdfdf\Lab1\src\Task12\Comparators\SortByNameThenAuthor.java.
2022-10-08 03:03:20.2636 INFO 10 thread - start copy C:\University\wt\Lab1\src\Task12\Comparators\SortByAuthorThenNamePrice.java to C:\Users\yakov\OneDrive\Рабочий стол\dfdfdfdf\Lab1\src\Task12\Comparators\SortByAuthorThenNamePrice.java.
2022-10-08 03:03:20.2636 INFO 15 thread - start copy C:\University\wt\Lab1\src\Task12\Comparators\SortByName.java to C:\Users\yakov\OneDrive\Рабочий стол\dfdfdfdf\Lab1\src\Task12\Comparators\SortByName.java.
2022-10-08 03:03:20.2636 INFO 14 thread - start copy C:\University\wt\Lab1\src\Task12\Comparators\SortByAuthorThenName.java to C:\Users\yakov\OneDrive\Рабочий стол\dfdfdfdf\Lab1\src\Task12\Comparators\SortByAuthorThenName.java.
2022-10-08 03:03:20.2636 INFO 9 thread - start copy C:\University\wt\Lab1\src\Task2\Main.java to C:\Users\yakov\OneDrive\Рабочий стол\dfdfdfdf\Lab1\src\Task2\Main.java.
2022-10-08 03:03:20.2636 INFO 17 thread - end copy C:\University\wt\Lab1\src\Task12\Comparators\SortByNameThenAuthor.java to C:\Users\yakov\OneDrive\Рабочий стол\dfdfdfdf\Lab1\src\Task12\Comparators\SortByNameThenAuthor.java.
2022-10-08 03:03:20.2636 INFO 10 thread - end copy C:\University\wt\Lab1\src\Task12\Comparators\SortByAuthorThenNamePrice.java to C:\Users\yakov\OneDrive\Рабочий стол\dfdfdfdf\Lab1\src\Task12\Comparators\SortByAuthorThenNamePrice.java.
2022-10-08 03:03:20.2636 INFO 15 thread - end copy C:\University\wt\Lab1\src\Task12\Comparators\SortByName.java to C:\Users\yakov\OneDrive\Рабочий стол\dfdfdfdf\Lab1\src\Task12\Comparators\SortByName.java.
2022-10-08 03:03:20.2636 INFO 14 thread - end copy C:\University\wt\Lab1\src\Task12\Comparators\SortByAuthorThenName.java to C:\Users\yakov\OneDrive\Рабочий стол\dfdfdfdf\Lab1\src\Task12\Comparators\SortByAuthorThenName.java.
2022-10-08 03:03:20.2636 INFO 9 thread - end copy C:\University\wt\Lab1\src\Task2\Main.java to C:\Users\yakov\OneDrive\Рабочий стол\dfdfdfdf\Lab1\src\Task2\Main.java.
2022-10-08 03:03:20.2636 INFO 10 thread - start copy C:\University\wt\Lab1\src\Task2\Implement\FullArea.java to C:\Users\yakov\OneDrive\Рабочий стол\dfdfdfdf\Lab1\src\Task2\Implement\FullArea.java.
2022-10-08 03:03:20.2636 INFO 17 thread - start copy C:\University\wt\Lab1\src\Task2\Implement\RectangleArea.java to C:\Users\yakov\OneDrive\Рабочий стол\dfdfdfdf\Lab1\src\Task2\Implement\RectangleArea.java.
2022-10-08 03:03:20.2796 INFO 15 thread - start copy C:\University\wt\Lab1\src\Task2\Interface\Area.java to C:\Users\yakov\OneDrive\Рабочий стол\dfdfdfdf\Lab1\src\Task2\Interface\Area.java.
2022-10-08 03:03:20.2796 INFO 10 thread - end copy C:\University\wt\Lab1\src\Task2\Implement\FullArea.java to C:\Users\yakov\OneDrive\Рабочий стол\dfdfdfdf\Lab1\src\Task2\Implement\FullArea.java.
2022-10-08 03:03:20.2796 INFO 15 thread - end copy C:\University\wt\Lab1\src\Task2\Interface\Area.java to C:\Users\yakov\OneDrive\Рабочий стол\dfdfdfdf\Lab1\src\Task2\Interface\Area.java.
2022-10-08 03:03:20.2796 INFO 15 thread - start copy C:\University\wt\Lab1\src\Task3\Main.java to C:\Users\yakov\OneDrive\Рабочий стол\dfdfdfdf\Lab1\src\Task3\Main.java.
2022-10-08 03:03:20.2796 INFO 18 thread - start copy C:\University\wt\Lab1\src\Task3\Calculator\TaskCalculator.java to C:\Users\yakov\OneDrive\Рабочий стол\dfdfdfdf\Lab1\src\Task3\Calculator\TaskCalculator.java.
2022-10-08 03:03:20.2796 INFO 18 thread - end copy C:\University\wt\Lab1\src\Task3\Calculator\TaskCalculator.java to C:\Users\yakov\OneDrive\Рабочий стол\dfdfdfdf\Lab1\src\Task3\Calculator\TaskCalculator.java.
2022-10-08 03:03:20.2796 INFO 15 thread - end copy C:\University\wt\Lab1\src\Task3\Main.java to C:\Users\yakov\OneDrive\Рабочий стол\dfdfdfdf\Lab1\src\Task3\Main.java.
2022-10-08 03:03:20.2796 INFO 15 thread - start copy C:\University\wt\Lab1\src\Task3\DoubleIterator\DoubleIterator.java to C:\Users\yakov\OneDrive\Рабочий стол\dfdfdfdf\Lab1\src\Task3\DoubleIterator\DoubleIterator.java.
2022-10-08 03:03:20.2796 INFO 13 thread - start copy C:\University\wt\Lab1\src\Task4\Main.java to C:\Users\yakov\OneDrive\Рабочий стол\dfdfdfdf\Lab1\src\Task4\Main.java.
2022-10-08 03:03:20.2796 INFO 15 thread - end copy C:\University\wt\Lab1\src\Task3\DoubleIterator\DoubleIterator.java to C:\Users\yakov\OneDrive\Рабочий стол\dfdfdfdf\Lab1\src\Task3\DoubleIterator\DoubleIterator.java.
2022-10-08 03:03:20.2796 INFO 15 thread - start copy C:\University\wt\Lab1\src\Task5\Main.java to C:\Users\yakov\OneDrive\Рабочий стол\dfdfdfdf\Lab1\src\Task5\Main.java.
2022-10-08 03:03:20.2796 INFO 13 thread - end copy C:\University\wt\Lab1\src\Task4\Main.java to C:\Users\yakov\OneDrive\Рабочий стол\dfdfdfdf\Lab1\src\Task4\Main.java.
2022-10-08 03:03:20.2796 INFO 12 thread - start copy C:\University\wt\Lab1\src\Task6\ArrayTransformer.java to C:\Users\yakov\OneDrive\Рабочий стол\dfdfdfdf\Lab1\src\Task6\ArrayTransformer.java.
2022-10-08 03:03:20.2796 INFO 15 thread - end copy C:\University\wt\Lab1\src\Task5\Main.java to C:\Users\yakov\OneDrive\Рабочий стол\dfdfdfdf\Lab1\src\Task5\Main.java.
2022-10-08 03:03:20.2796 INFO 9 thread - start copy C:\University\wt\Lab1\src\Task6\Main.java to C:\Users\yakov\OneDrive\Рабочий стол\dfdfdfdf\Lab1\src\Task6\Main.java.
2022-10-08 03:03:20.2796 INFO 15 thread - start copy C:\University\wt\Lab1\src\Task7\Main.java to C:\Users\yakov\OneDrive\Рабочий стол\dfdfdfdf\Lab1\src\Task7\Main.java.
2022-10-08 03:03:20.2796 INFO 16 thread - start copy C:\University\wt\Lab1\src\Task7\ShellSort.java to C:\Users\yakov\OneDrive\Рабочий стол\dfdfdfdf\Lab1\src\Task7\ShellSort.java.
2022-10-08 03:03:20.2796 INFO 17 thread - end copy C:\University\wt\Lab1\src\Task2\Implement\RectangleArea.java to C:\Users\yakov\OneDrive\Рабочий стол\dfdfdfdf\Lab1\src\Task2\Implement\RectangleArea.java.
2022-10-08 03:03:20.2796 INFO 14 thread - start copy C:\University\wt\Lab1\src\Task8\Main.java to C:\Users\yakov\OneDrive\Рабочий стол\dfdfdfdf\Lab1\src\Task8\Main.java.
2022-10-08 03:03:20.2796 INFO 12 thread - end copy C:\University\wt\Lab1\src\Task6\ArrayTransformer.java to C:\Users\yakov\OneDrive\Рабочий стол\dfdfdfdf\Lab1\src\Task6\ArrayTransformer.java.
2022-10-08 03:03:20.2796 INFO 10 thread - start copy C:\University\wt\Lab1\src\Task8\SequenceHelper.java to C:\Users\yakov\OneDrive\Рабочий стол\dfdfdfdf\Lab1\src\Task8\SequenceHelper.java.
2022-10-08 03:03:20.2796 INFO 17 thread - start copy C:\University\wt\Lab1\src\Task9\Main.java to C:\Users\yakov\OneDrive\Рабочий стол\dfdfdfdf\Lab1\src\Task9\Main.java.
2022-10-08 03:03:20.2796 INFO 16 thread - end copy C:\University\wt\Lab1\src\Task7\ShellSort.java to C:\Users\yakov\OneDrive\Рабочий стол\dfdfdfdf\Lab1\src\Task7\ShellSort.java.
2022-10-08 03:03:20.2796 INFO 14 thread - end copy C:\University\wt\Lab1\src\Task8\Main.java to C:\Users\yakov\OneDrive\Рабочий стол\dfdfdfdf\Lab1\src\Task8\Main.java.
2022-10-08 03:03:20.2796 INFO 9 thread - end copy C:\University\wt\Lab1\src\Task6\Main.java to C:\Users\yakov\OneDrive\Рабочий стол\dfdfdfdf\Lab1\src\Task6\Main.java.
2022-10-08 03:03:20.2796 INFO 10 thread - end copy C:\University\wt\Lab1\src\Task8\SequenceHelper.java to C:\Users\yakov\OneDrive\Рабочий стол\dfdfdfdf\Lab1\src\Task8\SequenceHelper.java.
2022-10-08 03:03:20.2796 INFO 14 thread - start copy C:\University\wt\Lab1\src\Task9\Entities\Basket.java to C:\Users\yakov\OneDrive\Рабочий стол\dfdfdfdf\Lab1\src\Task9\Entities\Basket.java.
2022-10-08 03:03:20.2796 INFO 11 thread - start copy C:\University\wt\Lab1\src\Task9\Entities\Ball.java to C:\Users\yakov\OneDrive\Рабочий стол\dfdfdfdf\Lab1\src\Task9\Entities\Ball.java.
2022-10-08 03:03:20.2796 INFO 17 thread - end copy C:\University\wt\Lab1\src\Task9\Main.java to C:\Users\yakov\OneDrive\Рабочий стол\dfdfdfdf\Lab1\src\Task9\Main.java.
2022-10-08 03:03:20.2796 INFO 15 thread - end copy C:\University\wt\Lab1\src\Task7\Main.java to C:\Users\yakov\OneDrive\Рабочий стол\dfdfdfdf\Lab1\src\Task7\Main.java.
2022-10-08 03:03:20.2796 INFO 15 thread - start copy C:\University\wt\Lab1\src\Task9\Enums\Color.java to C:\Users\yakov\OneDrive\Рабочий стол\dfdfdfdf\Lab1\src\Task9\Enums\Color.java.
2022-10-08 03:03:20.2796 INFO 14 thread - end copy C:\University\wt\Lab1\src\Task9\Entities\Basket.java to C:\Users\yakov\OneDrive\Рабочий стол\dfdfdfdf\Lab1\src\Task9\Entities\Basket.java.
2022-10-08 03:03:20.2796 INFO 11 thread - end copy C:\University\wt\Lab1\src\Task9\Entities\Ball.java to C:\Users\yakov\OneDrive\Рабочий стол\dfdfdfdf\Lab1\src\Task9\Entities\Ball.java.
2022-10-08 03:03:20.2796 INFO 17 thread - start copy C:\University\wt\Lab1\src\Task9\Interface\Weightable.java to C:\Users\yakov\OneDrive\Рабочий стол\dfdfdfdf\Lab1\src\Task9\Interface\Weightable.java.
2022-10-08 03:03:20.2796 INFO 12 thread - start copy C:\University\wt\Lab1\src\Task9\Interface\Colorable.java to C:\Users\yakov\OneDrive\Рабочий стол\dfdfdfdf\Lab1\src\Task9\Interface\Colorable.java.
2022-10-08 03:03:20.2796 INFO 15 thread - end copy C:\University\wt\Lab1\src\Task9\Enums\Color.java to C:\Users\yakov\OneDrive\Рабочий стол\dfdfdfdf\Lab1\src\Task9\Enums\Color.java.
2022-10-08 03:03:20.2796 INFO 17 thread - end copy C:\University\wt\Lab1\src\Task9\Interface\Weightable.java to C:\Users\yakov\OneDrive\Рабочий стол\dfdfdfdf\Lab1\src\Task9\Interface\Weightable.java.
2022-10-08 03:03:20.2796 INFO 12 thread - end copy C:\University\wt\Lab1\src\Task9\Interface\Colorable.java to C:\Users\yakov\OneDrive\Рабочий стол\dfdfdfdf\Lab1\src\Task9\Interface\Colorable.java.
2022-10-08 03:03:20.2796 INFO End coping C:\University\wt -> C:\Users\yakov\OneDrive\Рабочий стол\dfdfdfdf.
2022-10-08 03:03:20.2796 INFO Max threads amount - 0.
2022-10-08 03:03:20.2975 INFO 9 thread - request to close.
2022-10-08 03:03:20.2975 INFO 10 thread - request to close.
2022-10-08 03:03:20.2975 INFO 9 thread - closed.
2022-10-08 03:03:20.2975 INFO 11 thread - closed.
2022-10-08 03:03:20.2975 INFO 11 thread - request to close.
2022-10-08 03:03:20.2975 INFO 12 thread - request to close.
2022-10-08 03:03:20.2975 INFO 13 thread - request to close.
2022-10-08 03:03:20.2975 INFO 12 thread - closed.
2022-10-08 03:03:20.2975 INFO 10 thread - closed.
2022-10-08 03:03:20.2975 INFO 13 thread - closed.
2022-10-08 03:03:20.2975 INFO 14 thread - closed.
2022-10-08 03:03:20.2975 INFO 14 thread - request to close.
2022-10-08 03:03:20.2975 INFO 15 thread - closed.
2022-10-08 03:03:20.2975 INFO 15 thread - request to close.
2022-10-08 03:03:20.2975 INFO 16 thread - request to close.
2022-10-08 03:03:20.2975 INFO 16 thread - closed.
2022-10-08 03:03:20.2975 INFO 17 thread - closed.
2022-10-08 03:03:20.2975 INFO 17 thread - request to close.
2022-10-08 03:03:20.3151 INFO 18 thread - request to close.
2022-10-08 03:03:20.3151 INFO 18 thread - closed.
2022-10-08 03:03:20.3151 INFO TaskQueue - disposed.
